Log file open, 12/05/20 16:34:04
LogInit: Display: Running engine for game: Whiteroom
LogPlatformFile: Not using cached read wrapper
LogTaskGraph: Started task graph with 5 named threads and 14 total threads with 3 sets of task threads.
LogStats: Stats thread started at 1.053742
LogD3D11RHI: Loaded GFSDK_Aftermath_Lib.x64.dll
LogICUInternationalization: ICU TimeZone Detection - Raw Offset: -6:00, Platform Override: ''
LogPluginManager: Mounting plugin Paper2D
LogPluginManager: Mounting plugin AISupport
LogPluginManager: Mounting plugin LightPropagationVolume
LogPluginManager: Mounting plugin CameraShakePreviewer
LogPluginManager: Mounting plugin ActorLayerUtilities
LogPluginManager: Mounting plugin AnimationSharing
LogPluginManager: Mounting plugin CLionSourceCodeAccess
LogPluginManager: Mounting plugin CodeLiteSourceCodeAccess
LogPluginManager: Mounting plugin GitSourceControl
LogPluginManager: Mounting plugin KDevelopSourceCodeAccess
LogPluginManager: Mounting plugin NullSourceCodeAccess
LogPluginManager: Mounting plugin PerforceSourceControl
LogPluginManager: Mounting plugin PlasticSourceControl
LogPluginManager: Mounting plugin RiderSourceCodeAccess
LogPluginManager: Mounting plugin SubversionSourceControl
LogPluginManager: Mounting plugin UObjectPlugin
LogPluginManager: Mounting plugin VisualStudioCodeSourceCodeAccess
LogPluginManager: Mounting plugin VisualStudioSourceCodeAccess
LogPluginManager: Mounting plugin XCodeSourceCodeAccess
LogPluginManager: Mounting plugin AssetManagerEditor
LogPluginManager: Mounting plugin CryptoKeys
LogPluginManager: Mounting plugin CurveEditorTools
LogPluginManager: Mounting plugin DataValidation
LogPluginManager: Mounting plugin EditorScriptingUtilities
LogPluginManager: Mounting plugin FacialAnimation
LogPluginManager: Mounting plugin GameplayTagsEditor
LogPluginManager: Mounting plugin GeometryMode
LogPluginManager: Mounting plugin MacGraphicsSwitching
LogPluginManager: Mounting plugin MaterialAnalyzer
LogPluginManager: Mounting plugin MobileLauncherProfileWizard
LogPluginManager: Mounting plugin PluginBrowser
LogPluginManager: Mounting plugin SpeedTreeImporter
LogPluginManager: Mounting plugin DatasmithContent
LogPluginManager: Mounting plugin VariantManagerContent
LogPluginManager: Mounting plugin AlembicImporter
LogPluginManager: Mounting plugin AutomationUtils
LogPluginManager: Mounting plugin BackChannel
LogPluginManager: Mounting plugin ChaosCloth
LogPluginManager: Mounting plugin ChaosClothEditor
LogPluginManager: Mounting plugin ChaosEditor
LogPluginManager: Mounting plugin ChaosNiagara
LogPluginManager: Mounting plugin ChaosSolverPlugin
LogPluginManager: Mounting plugin CharacterAI
LogPluginManager: Mounting plugin GeometryCache
LogPluginManager: Mounting plugin GeometryCollectionPlugin
LogPluginManager: Mounting plugin GeometryProcessing
LogPluginManager: Mounting plugin PlanarCut
LogPluginManager: Mounting plugin PlatformCrypto
LogPluginManager: Mounting plugin ProxyLODPlugin
LogPluginManager: Mounting plugin SkeletalReduction
LogPluginManager: Mounting plugin Niagara
LogPluginManager: Mounting plugin MagicLeap
LogPluginManager: Mounting plugin MagicLeapLightEstimation
LogPluginManager: Mounting plugin MagicLeapMedia
LogPluginManager: Mounting plugin MagicLeapPassableWorld
LogPluginManager: Mounting plugin MLSDK
LogPluginManager: Mounting plugin AndroidMedia
LogPluginManager: Mounting plugin AvfMedia
LogPluginManager: Mounting plugin ImgMedia
LogPluginManager: Mounting plugin MediaCompositing
LogPluginManager: Mounting plugin MediaPlayerEditor
LogPluginManager: Mounting plugin WebMMedia
LogPluginManager: Mounting plugin WmfMedia
LogPluginManager: Mounting plugin MeshPainting
LogPluginManager: Mounting plugin TcpMessaging
LogPluginManager: Mounting plugin UdpMessaging
LogPluginManager: Mounting plugin ActorSequence
LogPluginManager: Mounting plugin LevelSequenceEditor
LogPluginManager: Mounting plugin MatineeToLevelSequence
LogPluginManager: Mounting plugin MovieRenderPipeline
LogPluginManager: Mounting plugin TemplateSequence
LogPluginManager: Mounting plugin NetcodeUnitTest
LogPluginManager: Mounting plugin NUTUnrealEngine4
LogPluginManager: Mounting plugin OnlineSubsystemGooglePlay
LogPluginManager: Mounting plugin OnlineSubsystemIOS
LogPluginManager: Mounting plugin OnlineSubsystem
LogPluginManager: Mounting plugin OnlineSubsystemNull
LogPluginManager: Mounting plugin OnlineSubsystemUtils
LogPluginManager: Mounting plugin LauncherChunkInstaller
LogPluginManager: Mounting plugin AndroidDeviceProfileSelector
LogPluginManager: Mounting plugin AndroidMoviePlayer
LogPluginManager: Mounting plugin AndroidPermission
LogPluginManager: Mounting plugin ApexDestruction
LogPluginManager: Mounting plugin AppleImageUtils
LogPluginManager: Mounting plugin AppleMoviePlayer
LogPluginManager: Mounting plugin ArchVisCharacter
LogPluginManager: Mounting plugin AssetTags
LogPluginManager: Mounting plugin AudioCapture
LogPluginManager: Mounting plugin CableComponent
LogPluginManager: Mounting plugin CustomMeshComponent
LogPluginManager: Mounting plugin EditableMesh
LogPluginManager: Mounting plugin ExampleDeviceProfileSelector
LogPluginManager: Mounting plugin GoogleCloudMessaging
LogPluginManager: Mounting plugin GooglePAD
LogPluginManager: Mounting plugin IOSDeviceProfileSelector
LogPluginManager: Mounting plugin LinuxDeviceProfileSelector
LogPluginManager: Mounting plugin LocationServicesBPLibrary
LogPluginManager: Mounting plugin MobilePatchingUtils
LogPluginManager: Mounting plugin OculusVR
LogPluginManager: Mounting plugin PhysXVehicles
LogPluginManager: Mounting plugin PostSplashScreen
LogPluginManager: Mounting plugin ProceduralMeshComponent
LogPluginManager: Mounting plugin RuntimePhysXCooking
LogPluginManager: Mounting plugin SignificanceManager
LogPluginManager: Mounting plugin SoundFields
LogPluginManager: Mounting plugin SteamVR
LogPluginManager: Mounting plugin Synthesis
LogPluginManager: Mounting plugin WebMMoviePlayer
LogPluginManager: Mounting plugin WindowsMoviePlayer
LogPluginManager: Mounting plugin ScreenshotTools
LogInit: Using libcurl 7.55.1-DEV
LogInit:  - built for x86_64-pc-win32
LogInit:  - supports SSL with OpenSSL/1.1.1
LogInit:  - supports HTTP deflate (compression) using libz 1.2.8
LogInit:  - other features:
LogInit:      CURL_VERSION_SSL
LogInit:      CURL_VERSION_LIBZ
LogInit:      CURL_VERSION_IPV6
LogInit:      CURL_VERSION_ASYNCHDNS
LogInit:      CURL_VERSION_LARGEFILE
LogInit:      CURL_VERSION_IDN
LogInit:  CurlRequestOptions (configurable via config and command line):
LogInit:  - bVerifyPeer = true  - Libcurl will verify peer certificate
LogInit:  - bUseHttpProxy = false  - Libcurl will NOT use HTTP proxy
LogInit:  - bDontReuseConnections = false  - Libcurl will reuse connections
LogInit:  - MaxHostConnections = 16  - Libcurl will limit the number of connections to a host
LogInit:  - LocalHostAddr = Default
LogInit:  - BufferSize = 65536
LogOnline: OSS: Creating online subsystem instance for: NULL
LogInit: WinSock: version 1.1 (2.2), MaxSocks=32767, MaxUdp=65467
LogOnline: OSS: TryLoadSubsystemAndSetDefault: Loaded subsystem for module [NULL]
LogInit: Build: ++UE4+Release-4.25-CL-14469661
LogInit: Engine Version: 4.25.4-14469661+++UE4+Release-4.25
LogInit: Compatible Engine Version: 4.25.0-13144385+++UE4+Release-4.25
LogInit: Net CL: 13144385
LogInit: OS: Windows 10 (Release 2004) (), CPU: Intel(R) Core(TM) i5-7300HQ CPU @ 2.50GHz, GPU: Intel(R) HD Graphics 630
LogInit: Compiled (64-bit): Oct 11 2020 08:10:49
LogInit: Compiled with Visual C++: 19.24.28315.00
LogInit: Build Configuration: Development
LogInit: Branch Name: ++UE4+Release-4.25
LogInit: Command Line: 
LogInit: Base Directory: C:/Program Files/Epic Games/UE_4.25/Engine/Binaries/Win64/
LogInit: Allocator: TBB
LogInit: Installed Engine Build: 1
LogDevObjectVersion: Number of dev versions registered: 26
LogDevObjectVersion:   Dev-Blueprints (B0D832E4-1F89-4F0D-ACCF-7EB736FD4AA2): 10
LogDevObjectVersion:   Dev-Build (E1C64328-A22C-4D53-A36C-8E866417BD8C): 0
LogDevObjectVersion:   Dev-Core (375EC13C-06E4-48FB-B500-84F0262A717E): 4
LogDevObjectVersion:   Dev-Editor (E4B068ED-F494-42E9-A231-DA0B2E46BB41): 38
LogDevObjectVersion:   Dev-Framework (CFFC743F-43B0-4480-9391-14DF171D2073): 37
LogDevObjectVersion:   Dev-Mobile (B02B49B5-BB20-44E9-A304-32B752E40360): 2
LogDevObjectVersion:   Dev-Networking (A4E4105C-59A1-49B5-A7C5-40C4547EDFEE): 0
LogDevObjectVersion:   Dev-Online (39C831C9-5AE6-47DC-9A44-9C173E1C8E7C): 0
LogDevObjectVersion:   Dev-Physics (78F01B33-EBEA-4F98-B9B4-84EACCB95AA2): 4
LogDevObjectVersion:   Dev-Platform (6631380F-2D4D-43E0-8009-CF276956A95A): 0
LogDevObjectVersion:   Dev-Rendering (12F88B9F-8875-4AFC-A67C-D90C383ABD29): 43
LogDevObjectVersion:   Dev-Sequencer (7B5AE74C-D270-4C10-A958-57980B212A5A): 12
LogDevObjectVersion:   Dev-VR (D7296918-1DD6-4BDD-9DE2-64A83CC13884): 3
LogDevObjectVersion:   Dev-LoadTimes (C2A15278-BFE7-4AFE-6C17-90FF531DF755): 1
LogDevObjectVersion:   Private-Geometry (6EACA3D4-40EC-4CC1-B786-8BED09428FC5): 3
LogDevObjectVersion:   Dev-AnimPhys (29E575DD-E0A3-4627-9D10-D276232CDCEA): 17
LogDevObjectVersion:   Dev-Anim (AF43A65D-7FD3-4947-9873-3E8ED9C1BB05): 7
LogDevObjectVersion:   Dev-ReflectionCapture (6B266CEC-1EC7-4B8F-A30B-E4D90942FC07): 1
LogDevObjectVersion:   Dev-Automation (0DF73D61-A23F-47EA-B727-89E90C41499A): 1
LogDevObjectVersion:   FortniteMain (601D1886-AC64-4F84-AA16-D3DE0DEAC7D6): 31
LogDevObjectVersion:   Dev-Enterprise (9DFFBCD6-494F-0158-E221-12823C92A888): 10
LogDevObjectVersion:   Dev-Niagara (F2AED0AC-9AFE-416F-8664-AA7FFA26D6FC): 1
LogDevObjectVersion:   Dev-Destruction (174F1F0B-B4C6-45A5-B13F-2EE8D0FB917D): 10
LogDevObjectVersion:   Dev-Physics-Ext (35F94A83-E258-406C-A318-09F59610247C): 37
LogDevObjectVersion:   Dev-PhysicsMaterial-Chaos (B68FC16E-8B1B-42E2-B453-215C058844FE): 1
LogDevObjectVersion:   Dev-CineCamera (B2E18506-4273-CFC2-A54E-F4BB758BBA07): 1
LogInit: Presizing for max 25165824 objects, including 0 objects not considered by GC, pre-allocating 0 bytes for permanent pool.
LogConfig: Applying CVar settings from Section [/Script/Engine.StreamingSettings] File [C:/Users/TEMP.DESKTOP-DV3H2OO/Documents/Escuela/Facultad/7 semestre/escenarios de videojuegos/1er avance/PIA/Escenario 6/LMAD_EV/Level design/Whiteroom/Saved/Config/Windows/Engine.ini]
LogConfig: Setting CVar [[s.MinBulkDataSizeForAsyncLoading:131072]]
LogConfig: Setting CVar [[s.AsyncLoadingThreadEnabled:0]]
LogConfig: Setting CVar [[s.EventDrivenLoaderEnabled:1]]
LogConfig: Setting CVar [[s.WarnIfTimeLimitExceeded:0]]
LogConfig: Setting CVar [[s.TimeLimitExceededMultiplier:1.5]]
LogConfig: Setting CVar [[s.TimeLimitExceededMinTime:0.005]]
LogConfig: Setting CVar [[s.UseBackgroundLevelStreaming:1]]
LogConfig: Setting CVar [[s.PriorityAsyncLoadingExtraTime:15.0]]
LogConfig: Setting CVar [[s.LevelStreamingActorsUpdateTimeLimit:5.0]]
LogConfig: Setting CVar [[s.PriorityLevelStreamingActorsUpdateExtraTime:5.0]]
LogConfig: Setting CVar [[s.LevelStreamingComponentsRegistrationGranularity:10]]
LogConfig: Setting CVar [[s.UnregisterComponentsTimeLimit:1.0]]
LogConfig: Setting CVar [[s.LevelStreamingComponentsUnregistrationGranularity:5]]
LogConfig: Setting CVar [[s.FlushStreamingOnExit:1]]
LogInit: Object subsystem initialized
LogConfig: Setting CVar [[con.DebugEarlyDefault:1]]
LogConfig: Setting CVar [[r.setres:1280x720]]
[2020.12.05-22.34.04:813][  0]LogConfig: Setting CVar [[r.VSync:0]]
[2020.12.05-22.34.04:813][  0]LogConfig: Setting CVar [[r.RHICmdBypass:0]]
[2020.12.05-22.34.04:813][  0]LogConfig: Applying CVar settings from Section [/Script/Engine.RendererSettings] File [C:/Users/TEMP.DESKTOP-DV3H2OO/Documents/Escuela/Facultad/7 semestre/escenarios de videojuegos/1er avance/PIA/Escenario 6/LMAD_EV/Level design/Whiteroom/Saved/Config/Windows/Engine.ini]
[2020.12.05-22.34.04:813][  0]LogConfig: Setting CVar [[r.GPUCrashDebugging:0]]
[2020.12.05-22.34.04:813][  0]LogConfig: Applying CVar settings from Section [/Script/Engine.RendererOverrideSettings] File [C:/Users/TEMP.DESKTOP-DV3H2OO/Documents/Escuela/Facultad/7 semestre/escenarios de videojuegos/1er avance/PIA/Escenario 6/LMAD_EV/Level design/Whiteroom/Saved/Config/Windows/Engine.ini]
[2020.12.05-22.34.04:813][  0]LogConfig: Applying CVar settings from Section [/Script/Engine.StreamingSettings] File [C:/Users/TEMP.DESKTOP-DV3H2OO/Documents/Escuela/Facultad/7 semestre/escenarios de videojuegos/1er avance/PIA/Escenario 6/LMAD_EV/Level design/Whiteroom/Saved/Config/Windows/Engine.ini]
[2020.12.05-22.34.04:813][  0]LogConfig: Setting CVar [[s.MinBulkDataSizeForAsyncLoading:131072]]
[2020.12.05-22.34.04:814][  0]LogConfig: Setting CVar [[s.AsyncLoadingThreadEnabled:0]]
[2020.12.05-22.34.04:814][  0]LogConfig: Setting CVar [[s.EventDrivenLoaderEnabled:1]]
[2020.12.05-22.34.04:814][  0]LogConfig: Setting CVar [[s.WarnIfTimeLimitExceeded:0]]
[2020.12.05-22.34.04:814][  0]LogConfig: Setting CVar [[s.TimeLimitExceededMultiplier:1.5]]
[2020.12.05-22.34.04:814][  0]LogConfig: Setting CVar [[s.TimeLimitExceededMinTime:0.005]]
[2020.12.05-22.34.04:814][  0]LogConfig: Setting CVar [[s.UseBackgroundLevelStreaming:1]]
[2020.12.05-22.34.04:814][  0]LogConfig: Setting CVar [[s.PriorityAsyncLoadingExtraTime:15.0]]
[2020.12.05-22.34.04:814][  0]LogConfig: Setting CVar [[s.LevelStreamingActorsUpdateTimeLimit:5.0]]
[2020.12.05-22.34.04:814][  0]LogConfig: Setting CVar [[s.PriorityLevelStreamingActorsUpdateExtraTime:5.0]]
[2020.12.05-22.34.04:814][  0]LogConfig: Setting CVar [[s.LevelStreamingComponentsRegistrationGranularity:10]]
[2020.12.05-22.34.04:814][  0]LogConfig: Setting CVar [[s.UnregisterComponentsTimeLimit:1.0]]
[2020.12.05-22.34.04:814][  0]LogConfig: Setting CVar [[s.LevelStreamingComponentsUnregistrationGranularity:5]]
[2020.12.05-22.34.04:814][  0]LogConfig: Setting CVar [[s.FlushStreamingOnExit:1]]
[2020.12.05-22.34.04:814][  0]LogConfig: Applying CVar settings from Section [/Script/Engine.GarbageCollectionSettings] File [C:/Users/TEMP.DESKTOP-DV3H2OO/Documents/Escuela/Facultad/7 semestre/escenarios de videojuegos/1er avance/PIA/Escenario 6/LMAD_EV/Level design/Whiteroom/Saved/Config/Windows/Engine.ini]
[2020.12.05-22.34.04:814][  0]LogConfig: Setting CVar [[gc.MaxObjectsNotConsideredByGC:1]]
[2020.12.05-22.34.04:814][  0]LogConfig: Setting CVar [[gc.SizeOfPermanentObjectPool:0]]
[2020.12.05-22.34.04:814][  0]LogConfig: Setting CVar [[gc.FlushStreamingOnGC:0]]
[2020.12.05-22.34.04:814][  0]LogConfig: Setting CVar [[gc.NumRetriesBeforeForcingGC:10]]
[2020.12.05-22.34.04:814][  0]LogConfig: Setting CVar [[gc.AllowParallelGC:1]]
[2020.12.05-22.34.04:814][  0]LogConfig: Setting CVar [[gc.TimeBetweenPurgingPendingKillObjects:61.1]]
[2020.12.05-22.34.04:814][  0]LogConfig: Setting CVar [[gc.MaxObjectsInEditor:25165824]]
[2020.12.05-22.34.04:814][  0]LogConfig: Setting CVar [[gc.IncrementalBeginDestroyEnabled:1]]
[2020.12.05-22.34.04:814][  0]LogConfig: Setting CVar [[gc.CreateGCClusters:1]]
[2020.12.05-22.34.04:814][  0]LogConfig: Setting CVar [[gc.MinGCClusterSize:5]]
[2020.12.05-22.34.04:814][  0]LogConfig: Setting CVar [[gc.ActorClusteringEnabled:0]]
[2020.12.05-22.34.04:814][  0]LogConfig: Setting CVar [[gc.BlueprintClusteringEnabled:0]]
[2020.12.05-22.34.04:814][  0]LogConfig: Setting CVar [[gc.UseDisregardForGCOnDedicatedServers:0]]
[2020.12.05-22.34.04:814][  0]LogConfig: Applying CVar settings from Section [/Script/Engine.NetworkSettings] File [C:/Users/TEMP.DESKTOP-DV3H2OO/Documents/Escuela/Facultad/7 semestre/escenarios de videojuegos/1er avance/PIA/Escenario 6/LMAD_EV/Level design/Whiteroom/Saved/Config/Windows/Engine.ini]
[2020.12.05-22.34.04:814][  0]LogConfig: Applying CVar settings from Section [/Script/UnrealEd.CookerSettings] File [C:/Users/TEMP.DESKTOP-DV3H2OO/Documents/Escuela/Facultad/7 semestre/escenarios de videojuegos/1er avance/PIA/Escenario 6/LMAD_EV/Level design/Whiteroom/Saved/Config/Windows/Engine.ini]
[2020.12.05-22.34.04:816][  0]LogConfig: Applying CVar settings from Section [ViewDistanceQuality@3] File [C:/Users/TEMP.DESKTOP-DV3H2OO/Documents/Escuela/Facultad/7 semestre/escenarios de videojuegos/1er avance/PIA/Escenario 6/LMAD_EV/Level design/Whiteroom/Saved/Config/Windows/Scalability.ini]
[2020.12.05-22.34.04:816][  0]LogConfig: Setting CVar [[r.SkeletalMeshLODBias:0]]
[2020.12.05-22.34.04:816][  0]LogConfig: Setting CVar [[r.ViewDistanceScale:1.0]]
[2020.12.05-22.34.04:816][  0]LogConfig: Applying CVar settings from Section [AntiAliasingQuality@3] File [C:/Users/TEMP.DESKTOP-DV3H2OO/Documents/Escuela/Facultad/7 semestre/escenarios de videojuegos/1er avance/PIA/Escenario 6/LMAD_EV/Level design/Whiteroom/Saved/Config/Windows/Scalability.ini]
[2020.12.05-22.34.04:816][  0]LogConfig: Setting CVar [[r.PostProcessAAQuality:4]]
[2020.12.05-22.34.04:816][  0]LogConfig: Applying CVar settings from Section [ShadowQuality@3] File [C:/Users/TEMP.DESKTOP-DV3H2OO/Documents/Escuela/Facultad/7 semestre/escenarios de videojuegos/1er avance/PIA/Escenario 6/LMAD_EV/Level design/Whiteroom/Saved/Config/Windows/Scalability.ini]
[2020.12.05-22.34.04:817][  0]LogConfig: Setting CVar [[r.LightFunctionQuality:1]]
[2020.12.05-22.34.04:817][  0]LogConfig: Setting CVar [[r.ShadowQuality:5]]
[2020.12.05-22.34.04:817][  0]LogConfig: Setting CVar [[r.Shadow.CSM.MaxCascades:10]]
[2020.12.05-22.34.04:817][  0]LogConfig: Setting CVar [[r.Shadow.MaxResolution:2048]]
[2020.12.05-22.34.04:817][  0]LogConfig: Setting CVar [[r.Shadow.MaxCSMResolution:2048]]
[2020.12.05-22.34.04:817][  0]LogConfig: Setting CVar [[r.Shadow.RadiusThreshold:0.01]]
[2020.12.05-22.34.04:817][  0]LogConfig: Setting CVar [[r.Shadow.DistanceScale:1.0]]
[2020.12.05-22.34.04:817][  0]LogConfig: Setting CVar [[r.Shadow.CSM.TransitionScale:1.0]]
[2020.12.05-22.34.04:817][  0]LogConfig: Setting CVar [[r.Shadow.PreShadowResolutionFactor:1.0]]
[2020.12.05-22.34.04:817][  0]LogConfig: Setting CVar [[r.DistanceFieldShadowing:1]]
[2020.12.05-22.34.04:817][  0]LogConfig: Setting CVar [[r.DistanceFieldAO:1]]
[2020.12.05-22.34.04:817][  0]LogConfig: Setting CVar [[r.AOQuality:2]]
[2020.12.05-22.34.04:817][  0]LogConfig: Setting CVar [[r.VolumetricFog:1]]
[2020.12.05-22.34.04:817][  0]LogConfig: Setting CVar [[r.VolumetricFog.GridPixelSize:8]]
[2020.12.05-22.34.04:817][  0]LogConfig: Setting CVar [[r.VolumetricFog.GridSizeZ:128]]
[2020.12.05-22.34.04:817][  0]LogConfig: Setting CVar [[r.VolumetricFog.HistoryMissSupersampleCount:4]]
[2020.12.05-22.34.04:817][  0]LogConfig: Setting CVar [[r.LightMaxDrawDistanceScale:1]]
[2020.12.05-22.34.04:817][  0]LogConfig: Setting CVar [[r.CapsuleShadows:1]]
[2020.12.05-22.34.04:817][  0]LogConfig: Applying CVar settings from Section [PostProcessQuality@3] File [C:/Users/TEMP.DESKTOP-DV3H2OO/Documents/Escuela/Facultad/7 semestre/escenarios de videojuegos/1er avance/PIA/Escenario 6/LMAD_EV/Level design/Whiteroom/Saved/Config/Windows/Scalability.ini]
[2020.12.05-22.34.04:817][  0]LogConfig: Setting CVar [[r.MotionBlurQuality:4]]
[2020.12.05-22.34.04:817][  0]LogConfig: Setting CVar [[r.AmbientOcclusionMipLevelFactor:0.4]]
[2020.12.05-22.34.04:817][  0]LogConfig: Setting CVar [[r.AmbientOcclusionMaxQuality:100]]
[2020.12.05-22.34.04:817][  0]LogConfig: Setting CVar [[r.AmbientOcclusionLevels:-1]]
[2020.12.05-22.34.04:817][  0]LogConfig: Setting CVar [[r.AmbientOcclusionRadiusScale:1.0]]
[2020.12.05-22.34.04:817][  0]LogConfig: Setting CVar [[r.DepthOfFieldQuality:2]]
[2020.12.05-22.34.04:817][  0]LogConfig: Setting CVar [[r.RenderTargetPoolMin:400]]
[2020.12.05-22.34.04:817][  0]LogConfig: Setting CVar [[r.LensFlareQuality:2]]
[2020.12.05-22.34.04:817][  0]LogConfig: Setting CVar [[r.SceneColorFringeQuality:1]]
[2020.12.05-22.34.04:817][  0]LogConfig: Setting CVar [[r.EyeAdaptationQuality:2]]
[2020.12.05-22.34.04:817][  0]LogConfig: Setting CVar [[r.BloomQuality:5]]
[2020.12.05-22.34.04:817][  0]LogConfig: Setting CVar [[r.FastBlurThreshold:100]]
[2020.12.05-22.34.04:817][  0]LogConfig: Setting CVar [[r.Upscale.Quality:3]]
[2020.12.05-22.34.04:817][  0]LogConfig: Setting CVar [[r.Tonemapper.GrainQuantization:1]]
[2020.12.05-22.34.04:817][  0]LogConfig: Setting CVar [[r.LightShaftQuality:1]]
[2020.12.05-22.34.04:817][  0]LogConfig: Setting CVar [[r.Filter.SizeScale:1]]
[2020.12.05-22.34.04:817][  0]LogConfig: Setting CVar [[r.Tonemapper.Quality:5]]
[2020.12.05-22.34.04:817][  0]LogConfig: Setting CVar [[r.DOF.Gather.AccumulatorQuality:1        ; higher gathering accumulator quality]]
[2020.12.05-22.34.04:817][  0]LogConfig: Setting CVar [[r.DOF.Gather.PostfilterMethod:1          ; Median3x3 postfilering method]]
[2020.12.05-22.34.04:817][  0]LogConfig: Setting CVar [[r.DOF.Gather.EnableBokehSettings:0       ; no bokeh simulation when gathering]]
[2020.12.05-22.34.04:817][  0]LogConfig: Setting CVar [[r.DOF.Gather.RingCount:4                 ; medium number of samples when gathering]]
[2020.12.05-22.34.04:817][  0]LogConfig: Setting CVar [[r.DOF.Scatter.ForegroundCompositing:1    ; additive foreground scattering]]
[2020.12.05-22.34.04:817][  0]LogConfig: Setting CVar [[r.DOF.Scatter.BackgroundCompositing:2    ; additive background scattering]]
[2020.12.05-22.34.04:817][  0]LogConfig: Setting CVar [[r.DOF.Scatter.EnableBokehSettings:1      ; bokeh simulation when scattering]]
[2020.12.05-22.34.04:817][  0]LogConfig: Setting CVar [[r.DOF.Scatter.MaxSpriteRatio:0.1         ; only a maximum of 10% of scattered bokeh]]
[2020.12.05-22.34.04:817][  0]LogConfig: Setting CVar [[r.DOF.Recombine.Quality:1                ; cheap slight out of focus]]
[2020.12.05-22.34.04:817][  0]LogConfig: Setting CVar [[r.DOF.Recombine.EnableBokehSettings:0    ; no bokeh simulation on slight out of focus]]
[2020.12.05-22.34.04:817][  0]LogConfig: Setting CVar [[r.DOF.TemporalAAQuality:1                ; more stable temporal accumulation]]
[2020.12.05-22.34.04:817][  0]LogConfig: Setting CVar [[r.DOF.Kernel.MaxForegroundRadius:0.025]]
[2020.12.05-22.34.04:817][  0]LogConfig: Setting CVar [[r.DOF.Kernel.MaxBackgroundRadius:0.025]]
[2020.12.05-22.34.04:817][  0]LogConfig: Applying CVar settings from Section [TextureQuality@3] File [C:/Users/TEMP.DESKTOP-DV3H2OO/Documents/Escuela/Facultad/7 semestre/escenarios de videojuegos/1er avance/PIA/Escenario 6/LMAD_EV/Level design/Whiteroom/Saved/Config/Windows/Scalability.ini]
[2020.12.05-22.34.04:817][  0]LogConfig: Setting CVar [[r.Streaming.MipBias:0]]
[2020.12.05-22.34.04:817][  0]LogConfig: Setting CVar [[r.Streaming.AmortizeCPUToGPUCopy:0]]
[2020.12.05-22.34.04:817][  0]LogConfig: Setting CVar [[r.Streaming.MaxNumTexturesToStreamPerFrame:0]]
[2020.12.05-22.34.04:817][  0]LogConfig: Setting CVar [[r.Streaming.Boost:1]]
[2020.12.05-22.34.04:817][  0]LogConfig: Setting CVar [[r.MaxAnisotropy:8]]
[2020.12.05-22.34.04:817][  0]LogConfig: Setting CVar [[r.VT.MaxAnisotropy:8]]
[2020.12.05-22.34.04:817][  0]LogConfig: Setting CVar [[r.Streaming.LimitPoolSizeToVRAM:0]]
[2020.12.05-22.34.04:817][  0]LogConfig: Setting CVar [[r.Streaming.PoolSize:1000]]
[2020.12.05-22.34.04:817][  0]LogConfig: Setting CVar [[r.Streaming.MaxEffectiveScreenSize:0]]
[2020.12.05-22.34.04:817][  0]LogConfig: Applying CVar settings from Section [EffectsQuality@3] File [C:/Users/TEMP.DESKTOP-DV3H2OO/Documents/Escuela/Facultad/7 semestre/escenarios de videojuegos/1er avance/PIA/Escenario 6/LMAD_EV/Level design/Whiteroom/Saved/Config/Windows/Scalability.ini]
[2020.12.05-22.34.04:817][  0]LogConfig: Setting CVar [[r.TranslucencyLightingVolumeDim:64]]
[2020.12.05-22.34.04:817][  0]LogConfig: Setting CVar [[r.RefractionQuality:2]]
[2020.12.05-22.34.04:817][  0]LogConfig: Setting CVar [[r.SSR.Quality:3]]
[2020.12.05-22.34.04:817][  0]LogConfig: Setting CVar [[r.SSR.HalfResSceneColor:0]]
[2020.12.05-22.34.04:817][  0]LogConfig: Setting CVar [[r.SceneColorFormat:4]]
[2020.12.05-22.34.04:817][  0]LogConfig: Setting CVar [[r.DetailMode:2]]
[2020.12.05-22.34.04:817][  0]LogConfig: Setting CVar [[r.TranslucencyVolumeBlur:1]]
[2020.12.05-22.34.04:817][  0]LogConfig: Setting CVar [[r.MaterialQualityLevel:1 ; High quality]]
[2020.12.05-22.34.04:817][  0]LogConfig: Setting CVar [[r.SSS.Scale:1]]
[2020.12.05-22.34.04:817][  0]LogConfig: Setting CVar [[r.SSS.SampleSet:2]]
[2020.12.05-22.34.04:817][  0]LogConfig: Setting CVar [[r.SSS.Quality:1]]
[2020.12.05-22.34.04:817][  0]LogConfig: Setting CVar [[r.SSS.HalfRes:0]]
[2020.12.05-22.34.04:817][  0]LogConfig: Setting CVar [[r.SSGI.Quality:3]]
[2020.12.05-22.34.04:817][  0]LogConfig: Setting CVar [[r.EmitterSpawnRateScale:1.0]]
[2020.12.05-22.34.04:818][  0]LogConfig: Setting CVar [[r.ParticleLightQuality:2]]
[2020.12.05-22.34.04:818][  0]LogConfig: Setting CVar [[r.SkyAtmosphere.AerialPerspectiveLUT.FastApplyOnOpaque:1 ; Always have FastSkyLUT 1 in this case to avoid wrong sky]]
[2020.12.05-22.34.04:818][  0]LogConfig: Setting CVar [[r.SkyAtmosphere.AerialPerspectiveLUT.SampleCountPerSlice:1]]
[2020.12.05-22.34.04:818][  0]LogConfig: Setting CVar [[r.SkyAtmosphere.AerialPerspectiveLUT.DepthResolution:16.0]]
[2020.12.05-22.34.04:818][  0]LogConfig: Setting CVar [[r.SkyAtmosphere.FastSkyLUT:1]]
[2020.12.05-22.34.04:818][  0]LogConfig: Setting CVar [[r.SkyAtmosphere.FastSkyLUT.SampleCountMin:4.0]]
[2020.12.05-22.34.04:818][  0]LogConfig: Setting CVar [[r.SkyAtmosphere.FastSkyLUT.SampleCountMax:32.0]]
[2020.12.05-22.34.04:818][  0]LogConfig: Setting CVar [[r.SkyAtmosphere.SampleCountMin:4.0]]
[2020.12.05-22.34.04:818][  0]LogConfig: Setting CVar [[r.SkyAtmosphere.SampleCountMax:32.0]]
[2020.12.05-22.34.04:818][  0]LogConfig: Setting CVar [[r.SkyAtmosphere.TransmittanceLUT.UseSmallFormat:0]]
[2020.12.05-22.34.04:818][  0]LogConfig: Setting CVar [[r.SkyAtmosphere.TransmittanceLUT.SampleCount:10.0]]
[2020.12.05-22.34.04:818][  0]LogConfig: Setting CVar [[r.SkyAtmosphere.MultiScatteringLUT.SampleCount:15.0]]
[2020.12.05-22.34.04:818][  0]LogConfig: Applying CVar settings from Section [FoliageQuality@3] File [C:/Users/TEMP.DESKTOP-DV3H2OO/Documents/Escuela/Facultad/7 semestre/escenarios de videojuegos/1er avance/PIA/Escenario 6/LMAD_EV/Level design/Whiteroom/Saved/Config/Windows/Scalability.ini]
[2020.12.05-22.34.04:818][  0]LogConfig: Setting CVar [[foliage.DensityScale:1.0]]
[2020.12.05-22.34.04:818][  0]LogConfig: Setting CVar [[grass.DensityScale:1.0]]
[2020.12.05-22.34.04:818][  0]LogConfig: Applying CVar settings from Section [ShadingQuality@3] File [C:/Users/TEMP.DESKTOP-DV3H2OO/Documents/Escuela/Facultad/7 semestre/escenarios de videojuegos/1er avance/PIA/Escenario 6/LMAD_EV/Level design/Whiteroom/Saved/Config/Windows/Scalability.ini]
[2020.12.05-22.34.04:818][  0]LogConfig: Setting CVar [[r.HairStrands.SkyLighting.SampleCount:16]]
[2020.12.05-22.34.04:818][  0]LogConfig: Setting CVar [[r.HairStrands.SkyLighting.JitterIntegration:0]]
[2020.12.05-22.34.04:818][  0]LogConfig: Setting CVar [[r.HairStrands.SkyAO.SampleCount:16]]
[2020.12.05-22.34.04:818][  0]LogConfig: Setting CVar [[r.HairStrands.DeepShadow.SuperSampling:0]]
[2020.12.05-22.34.04:818][  0]LogConfig: Setting CVar [[r.HairStrands.VisibilityPPLL:0]]
[2020.12.05-22.34.04:818][  0]LogConfig: Setting CVar [[r.HairStrands.RasterizationScale:0.5]]
[2020.12.05-22.34.04:818][  0]LogConfig: Setting CVar [[r.HairStrands.VelocityRasterizationScale:1]]
[2020.12.05-22.34.04:818][  0]LogInit: Selected Device Profile: [Windows]
[2020.12.05-22.34.04:818][  0]LogInit: Applying CVar settings loaded from the selected device profile: [Windows]
[2020.12.05-22.34.04:818][  0]LogHAL: Display: Platform has ~ 16 GB [17058402304 / 17179869184 / 16], which maps to Larger [LargestMinGB=32, LargerMinGB=12, DefaultMinGB=8, SmallerMinGB=6, SmallestMinGB=0)
[2020.12.05-22.34.04:818][  0]LogInit: Going up to parent DeviceProfile []
[2020.12.05-22.34.04:818][  0]LogConfig: Applying CVar settings from Section [ViewDistanceQuality@0] File [C:/Users/TEMP.DESKTOP-DV3H2OO/Documents/Escuela/Facultad/7 semestre/escenarios de videojuegos/1er avance/PIA/Escenario 6/LMAD_EV/Level design/Whiteroom/Saved/Config/Windows/Scalability.ini]
[2020.12.05-22.34.04:818][  0]LogConfig: Setting CVar [[r.SkeletalMeshLODBias:2]]
[2020.12.05-22.34.04:818][  0]LogConfig: Setting CVar [[r.ViewDistanceScale:0.4]]
[2020.12.05-22.34.04:818][  0]LogConfig: Applying CVar settings from Section [AntiAliasingQuality@0] File [C:/Users/TEMP.DESKTOP-DV3H2OO/Documents/Escuela/Facultad/7 semestre/escenarios de videojuegos/1er avance/PIA/Escenario 6/LMAD_EV/Level design/Whiteroom/Saved/Config/Windows/Scalability.ini]
[2020.12.05-22.34.04:818][  0]LogConfig: Setting CVar [[r.PostProcessAAQuality:0]]
[2020.12.05-22.34.04:818][  0]LogConfig: Applying CVar settings from Section [ShadowQuality@0] File [C:/Users/TEMP.DESKTOP-DV3H2OO/Documents/Escuela/Facultad/7 semestre/escenarios de videojuegos/1er avance/PIA/Escenario 6/LMAD_EV/Level design/Whiteroom/Saved/Config/Windows/Scalability.ini]
[2020.12.05-22.34.04:818][  0]LogConfig: Setting CVar [[r.LightFunctionQuality:0]]
[2020.12.05-22.34.04:818][  0]LogConfig: Setting CVar [[r.ShadowQuality:0]]
[2020.12.05-22.34.04:818][  0]LogConfig: Setting CVar [[r.Shadow.CSM.MaxCascades:1]]
[2020.12.05-22.34.04:818][  0]LogConfig: Setting CVar [[r.Shadow.MaxResolution:512]]
[2020.12.05-22.34.04:818][  0]LogConfig: Setting CVar [[r.Shadow.MaxCSMResolution:512]]
[2020.12.05-22.34.04:818][  0]LogConfig: Setting CVar [[r.Shadow.RadiusThreshold:0.06]]
[2020.12.05-22.34.04:818][  0]LogConfig: Setting CVar [[r.Shadow.DistanceScale:0.6]]
[2020.12.05-22.34.04:818][  0]LogConfig: Setting CVar [[r.Shadow.CSM.TransitionScale:0]]
[2020.12.05-22.34.04:818][  0]LogConfig: Setting CVar [[r.Shadow.PreShadowResolutionFactor:0.5]]
[2020.12.05-22.34.04:818][  0]LogConfig: Setting CVar [[r.DistanceFieldShadowing:0]]
[2020.12.05-22.34.04:818][  0]LogConfig: Setting CVar [[r.DistanceFieldAO:0]]
[2020.12.05-22.34.04:818][  0]LogConfig: Setting CVar [[r.VolumetricFog:0]]
[2020.12.05-22.34.04:818][  0]LogConfig: Setting CVar [[r.LightMaxDrawDistanceScale:0]]
[2020.12.05-22.34.04:818][  0]LogConfig: Setting CVar [[r.CapsuleShadows:0]]
[2020.12.05-22.34.04:818][  0]LogConfig: Applying CVar settings from Section [PostProcessQuality@0] File [C:/Users/TEMP.DESKTOP-DV3H2OO/Documents/Escuela/Facultad/7 semestre/escenarios de videojuegos/1er avance/PIA/Escenario 6/LMAD_EV/Level design/Whiteroom/Saved/Config/Windows/Scalability.ini]
[2020.12.05-22.34.04:818][  0]LogConfig: Setting CVar [[r.MotionBlurQuality:0]]
[2020.12.05-22.34.04:818][  0]LogConfig: Setting CVar [[r.AmbientOcclusionMipLevelFactor:1.0]]
[2020.12.05-22.34.04:818][  0]LogConfig: Setting CVar [[r.AmbientOcclusionMaxQuality:0]]
[2020.12.05-22.34.04:818][  0]LogConfig: Setting CVar [[r.AmbientOcclusionLevels:0]]
[2020.12.05-22.34.04:818][  0]LogConfig: Setting CVar [[r.AmbientOcclusionRadiusScale:1.2]]
[2020.12.05-22.34.04:818][  0]LogConfig: Setting CVar [[r.DepthOfFieldQuality:0]]
[2020.12.05-22.34.04:818][  0]LogConfig: Setting CVar [[r.RenderTargetPoolMin:300]]
[2020.12.05-22.34.04:818][  0]LogConfig: Setting CVar [[r.LensFlareQuality:0]]
[2020.12.05-22.34.04:818][  0]LogConfig: Setting CVar [[r.SceneColorFringeQuality:0]]
[2020.12.05-22.34.04:818][  0]LogConfig: Setting CVar [[r.EyeAdaptationQuality:0]]
[2020.12.05-22.34.04:818][  0]LogConfig: Setting CVar [[r.BloomQuality:4]]
[2020.12.05-22.34.04:818][  0]LogConfig: Setting CVar [[r.FastBlurThreshold:0]]
[2020.12.05-22.34.04:818][  0]LogConfig: Setting CVar [[r.Upscale.Quality:1]]
[2020.12.05-22.34.04:818][  0]LogConfig: Setting CVar [[r.Tonemapper.GrainQuantization:0]]
[2020.12.05-22.34.04:818][  0]LogConfig: Setting CVar [[r.LightShaftQuality:0]]
[2020.12.05-22.34.04:818][  0]LogConfig: Setting CVar [[r.Filter.SizeScale:0.6]]
[2020.12.05-22.34.04:818][  0]LogConfig: Setting CVar [[r.Tonemapper.Quality:0]]
[2020.12.05-22.34.04:819][  0]LogConfig: Applying CVar settings from Section [TextureQuality@0] File [C:/Users/TEMP.DESKTOP-DV3H2OO/Documents/Escuela/Facultad/7 semestre/escenarios de videojuegos/1er avance/PIA/Escenario 6/LMAD_EV/Level design/Whiteroom/Saved/Config/Windows/Scalability.ini]
[2020.12.05-22.34.04:819][  0]LogConfig: Setting CVar [[r.Streaming.MipBias:16]]
[2020.12.05-22.34.04:821][  0]LogConfig: Setting CVar [[r.Streaming.AmortizeCPUToGPUCopy:1]]
[2020.12.05-22.34.04:821][  0]LogConfig: Setting CVar [[r.Streaming.MaxNumTexturesToStreamPerFrame:1]]
[2020.12.05-22.34.04:821][  0]LogConfig: Setting CVar [[r.Streaming.Boost:0.3]]
[2020.12.05-22.34.04:821][  0]LogConfig: Setting CVar [[r.MaxAnisotropy:0]]
[2020.12.05-22.34.04:821][  0]LogConfig: Setting CVar [[r.VT.MaxAnisotropy:4]]
[2020.12.05-22.34.04:821][  0]LogConfig: Setting CVar [[r.Streaming.LimitPoolSizeToVRAM:1]]
[2020.12.05-22.34.04:821][  0]LogConfig: Setting CVar [[r.Streaming.PoolSize:400]]
[2020.12.05-22.34.04:821][  0]LogConfig: Setting CVar [[r.Streaming.MaxEffectiveScreenSize:0]]
[2020.12.05-22.34.04:821][  0]LogConfig: Applying CVar settings from Section [EffectsQuality@0] File [C:/Users/TEMP.DESKTOP-DV3H2OO/Documents/Escuela/Facultad/7 semestre/escenarios de videojuegos/1er avance/PIA/Escenario 6/LMAD_EV/Level design/Whiteroom/Saved/Config/Windows/Scalability.ini]
[2020.12.05-22.34.04:821][  0]LogConfig: Setting CVar [[r.TranslucencyLightingVolumeDim:24]]
[2020.12.05-22.34.04:821][  0]LogConfig: Setting CVar [[r.RefractionQuality:0]]
[2020.12.05-22.34.04:821][  0]LogConfig: Setting CVar [[r.SSR.Quality:0]]
[2020.12.05-22.34.04:821][  0]LogConfig: Setting CVar [[r.SSR.HalfResSceneColor:1]]
[2020.12.05-22.34.04:821][  0]LogConfig: Setting CVar [[r.SceneColorFormat:3]]
[2020.12.05-22.34.04:821][  0]LogConfig: Setting CVar [[r.DetailMode:0]]
[2020.12.05-22.34.04:821][  0]LogConfig: Setting CVar [[r.TranslucencyVolumeBlur:0]]
[2020.12.05-22.34.04:821][  0]LogConfig: Setting CVar [[r.MaterialQualityLevel:0 ; Low quality]]
[2020.12.05-22.34.04:821][  0]LogConfig: Setting CVar [[r.SSS.Scale:0]]
[2020.12.05-22.34.04:821][  0]LogConfig: Setting CVar [[r.SSS.SampleSet:0]]
[2020.12.05-22.34.04:822][  0]LogConfig: Setting CVar [[r.SSS.Quality:0]]
[2020.12.05-22.34.04:822][  0]LogConfig: Setting CVar [[r.SSS.HalfRes:1]]
[2020.12.05-22.34.04:822][  0]LogConfig: Setting CVar [[r.SSGI.Quality:0]]
[2020.12.05-22.34.04:822][  0]LogConfig: Setting CVar [[r.EmitterSpawnRateScale:0.125]]
[2020.12.05-22.34.04:822][  0]LogConfig: Setting CVar [[r.ParticleLightQuality:0]]
[2020.12.05-22.34.04:822][  0]LogConfig: Setting CVar [[r.SkyAtmosphere.AerialPerspectiveLUT.FastApplyOnOpaque:1 ; Always have FastSkyLUT 1 in this case to avoid wrong sky]]
[2020.12.05-22.34.04:822][  0]LogConfig: Setting CVar [[r.SkyAtmosphere.AerialPerspectiveLUT.SampleCountPerSlice:1]]
[2020.12.05-22.34.04:822][  0]LogConfig: Setting CVar [[r.SkyAtmosphere.AerialPerspectiveLUT.DepthResolution:8.0]]
[2020.12.05-22.34.04:822][  0]LogConfig: Setting CVar [[r.SkyAtmosphere.FastSkyLUT:1]]
[2020.12.05-22.34.04:822][  0]LogConfig: Setting CVar [[r.SkyAtmosphere.FastSkyLUT.SampleCountMin:2.0]]
[2020.12.05-22.34.04:822][  0]LogConfig: Setting CVar [[r.SkyAtmosphere.FastSkyLUT.SampleCountMax:16.0]]
[2020.12.05-22.34.04:822][  0]LogConfig: Setting CVar [[r.SkyAtmosphere.SampleCountMin:2.0]]
[2020.12.05-22.34.04:822][  0]LogConfig: Setting CVar [[r.SkyAtmosphere.SampleCountMax:16.0]]
[2020.12.05-22.34.04:822][  0]LogConfig: Setting CVar [[r.SkyAtmosphere.TransmittanceLUT.UseSmallFormat:1]]
[2020.12.05-22.34.04:822][  0]LogConfig: Setting CVar [[r.SkyAtmosphere.TransmittanceLUT.SampleCount:10.0]]
[2020.12.05-22.34.04:822][  0]LogConfig: Setting CVar [[r.SkyAtmosphere.MultiScatteringLUT.SampleCount:15.0]]
[2020.12.05-22.34.04:822][  0]LogConfig: Applying CVar settings from Section [FoliageQuality@0] File [C:/Users/TEMP.DESKTOP-DV3H2OO/Documents/Escuela/Facultad/7 semestre/escenarios de videojuegos/1er avance/PIA/Escenario 6/LMAD_EV/Level design/Whiteroom/Saved/Config/Windows/Scalability.ini]
[2020.12.05-22.34.04:822][  0]LogConfig: Setting CVar [[foliage.DensityScale:0]]
[2020.12.05-22.34.04:822][  0]LogConfig: Setting CVar [[grass.DensityScale:0]]
[2020.12.05-22.34.04:822][  0]LogConfig: Applying CVar settings from Section [ShadingQuality@0] File [C:/Users/TEMP.DESKTOP-DV3H2OO/Documents/Escuela/Facultad/7 semestre/escenarios de videojuegos/1er avance/PIA/Escenario 6/LMAD_EV/Level design/Whiteroom/Saved/Config/Windows/Scalability.ini]
[2020.12.05-22.34.04:822][  0]LogConfig: Setting CVar [[r.HairStrands.SkyLighting.SampleCount:8]]
[2020.12.05-22.34.04:822][  0]LogConfig: Setting CVar [[r.HairStrands.SkyLighting.JitterIntegration:0]]
[2020.12.05-22.34.04:822][  0]LogConfig: Setting CVar [[r.HairStrands.SkyAO.SampleCount:8]]
[2020.12.05-22.34.04:822][  0]LogConfig: Setting CVar [[r.HairStrands.DeepShadow.SuperSampling:0]]
[2020.12.05-22.34.04:822][  0]LogConfig: Setting CVar [[r.HairStrands.VisibilityPPLL:0]]
[2020.12.05-22.34.04:822][  0]LogConfig: Setting CVar [[r.HairStrands.RasterizationScale:0.5]]
[2020.12.05-22.34.04:822][  0]LogConfig: Setting CVar [[r.HairStrands.VelocityRasterizationScale:1]]
[2020.12.05-22.34.04:822][  0]LogConfig: Applying CVar settings from Section [Startup] File [../../../Engine/Config/ConsoleVariables.ini]
[2020.12.05-22.34.04:822][  0]LogConfig: Setting CVar [[net.UseAdaptiveNetUpdateFrequency:0]]
[2020.12.05-22.34.04:822][  0]LogConfig: Setting CVar [[p.chaos.AllowCreatePhysxBodies:1]]
[2020.12.05-22.34.04:822][  0]LogConfig: Setting CVar [[fx.SkipVectorVMBackendOptimizations:1]]
[2020.12.05-22.34.04:822][  0]LogConfig: Applying CVar settings from Section [ConsoleVariables] File [C:/Users/TEMP.DESKTOP-DV3H2OO/Documents/Escuela/Facultad/7 semestre/escenarios de videojuegos/1er avance/PIA/Escenario 6/LMAD_EV/Level design/Whiteroom/Saved/Config/Windows/Engine.ini]
[2020.12.05-22.34.04:822][  0]LogInit: Computer: DESKTOP-DV3H2OO
[2020.12.05-22.34.04:822][  0]LogInit: User: AlexBazaldua
[2020.12.05-22.34.04:822][  0]LogInit: CPU Page size=4096, Cores=4
[2020.12.05-22.34.04:822][  0]LogInit: High frequency timer resolution =10.000000 MHz
[2020.12.05-22.34.04:823][  0]LogMemory: Memory total: Physical=15.9GB (16GB approx)
[2020.12.05-22.34.04:823][  0]LogMemory: Platform Memory Stats for Windows
[2020.12.05-22.34.04:823][  0]LogMemory: Process Physical Memory: 116.54 MB used, 116.54 MB peak
[2020.12.05-22.34.04:823][  0]LogMemory: Process Virtual Memory: 109.47 MB used, 109.47 MB peak
[2020.12.05-22.34.04:823][  0]LogMemory: Physical Memory: 5177.19 MB used,  11090.97 MB free, 16268.16 MB total
[2020.12.05-22.34.04:823][  0]LogMemory: Virtual Memory: 5142.69 MB used,  134212584.00 MB free, 134217728.00 MB total
[2020.12.05-22.34.04:829][  0]LogWindows: WindowsPlatformFeatures enabled
[2020.12.05-22.34.04:880][  0]LogInit: Physics initialised using underlying interface: PhysX
[2020.12.05-22.34.04:930][  0]LogInit: Using OS detected language (en-US).
[2020.12.05-22.34.04:930][  0]LogInit: Using OS detected locale (en-US).
[2020.12.05-22.34.04:944][  0]LogTextLocalizationManager: No specific localization for 'en-US' exists, so the 'en' localization will be used.
[2020.12.05-22.34.05:136][  0]LogInit: Setting process to per monitor DPI aware
[2020.12.05-22.34.05:397][  0]LogSlate: New Slate User Created.  User Index 0, Is Virtual User: 0
[2020.12.05-22.34.05:397][  0]LogSlate: Slate User Registered.  User Index 0, Is Virtual User: 0
[2020.12.05-22.34.05:549][  0]LogHMD: Failed to initialize OpenVR with code 110
[2020.12.05-22.34.05:549][  0]LogD3D11RHI: D3D11 min allowed feature level: 11_0
[2020.12.05-22.34.05:549][  0]LogD3D11RHI: D3D11 max allowed feature level: 11_0
[2020.12.05-22.34.05:549][  0]LogD3D11RHI: D3D11 adapters:
[2020.12.05-22.34.05:665][  0]LogD3D11RHI:    0. 'Intel(R) HD Graphics 630' (Feature Level 11_0)
[2020.12.05-22.34.05:665][  0]LogD3D11RHI:       128/0/8134 MB DedicatedVideo/DedicatedSystem/SharedSystem, Outputs:1, VendorId:0x8086
[2020.12.05-22.34.05:667][  0]LogD3D11RHI:    1. 'Microsoft Basic Render Driver' (Feature Level 11_0)
[2020.12.05-22.34.05:667][  0]LogD3D11RHI:       0/0/8134 MB DedicatedVideo/DedicatedSystem/SharedSystem, Outputs:0, VendorId:0x1414
[2020.12.05-22.34.05:667][  0]LogD3D11RHI: Chosen D3D11 Adapter: 0
[2020.12.05-22.34.05:673][  0]LogD3D11RHI: Creating new Direct3DDevice
[2020.12.05-22.34.05:673][  0]LogD3D11RHI:     GPU DeviceId: 0x591b (for the marketing name, search the web for "GPU Device Id")
[2020.12.05-22.34.05:673][  0]LogWindows: EnumDisplayDevices:
[2020.12.05-22.34.05:673][  0]LogWindows:    0. 'Intel(R) HD Graphics 630' (P:1 D:1)
[2020.12.05-22.34.05:674][  0]LogWindows:    1. 'Intel(R) HD Graphics 630' (P:0 D:0)
[2020.12.05-22.34.05:674][  0]LogWindows:    2. 'Intel(R) HD Graphics 630' (P:0 D:0)
[2020.12.05-22.34.05:674][  0]LogWindows: DebugString: FoundDriverCount:3 
[2020.12.05-22.34.05:674][  0]LogD3D11RHI:     Adapter Name: Intel(R) HD Graphics 630
[2020.12.05-22.34.05:674][  0]LogD3D11RHI:   Driver Version: 23.20.16.4973 (internal:23.20.16.4973, unified:23.20.16.4973)
[2020.12.05-22.34.05:674][  0]LogD3D11RHI:      Driver Date: 2-28-2018
[2020.12.05-22.34.05:674][  0]LogRHI: Texture pool is 1523 MB (70% of 2176 MB)
[2020.12.05-22.34.05:778][  0]LogD3D11RHI: RHI does not have support for 64 bit atomics
[2020.12.05-22.34.05:778][  0]LogD3D11RHI: Async texture creation enabled
[2020.12.05-22.34.05:778][  0]LogD3D11RHI: Array index from any shader is supported
[2020.12.05-22.34.05:786][  0]LogD3D11RHI: GPU Timing Frequency: 12.000048 (Debug: 2 0)
[2020.12.05-22.34.08:572][  0]LogTargetPlatformManager: Display: Loaded TargetPlatform 'AllDesktop'
[2020.12.05-22.34.08:596][  0]LogTargetPlatformManager: Display: Loaded TargetPlatform 'Android'
[2020.12.05-22.34.08:596][  0]LogTargetPlatformManager: Display: Loaded TargetPlatform 'Android_ASTC'
[2020.12.05-22.34.08:597][  0]LogTargetPlatformManager: Display: Loaded TargetPlatform 'Android_DXT'
[2020.12.05-22.34.08:597][  0]LogTargetPlatformManager: Display: Loaded TargetPlatform 'Android_ETC2'
[2020.12.05-22.34.08:597][  0]LogTargetPlatformManager: Display: Loaded TargetPlatform 'AndroidClient'
[2020.12.05-22.34.08:597][  0]LogTargetPlatformManager: Display: Loaded TargetPlatform 'Android_ASTCClient'
[2020.12.05-22.34.08:597][  0]LogTargetPlatformManager: Display: Loaded TargetPlatform 'Android_DXTClient'
[2020.12.05-22.34.08:597][  0]LogTargetPlatformManager: Display: Loaded TargetPlatform 'Android_ETC2Client'
[2020.12.05-22.34.08:597][  0]LogTargetPlatformManager: Display: Loaded TargetPlatform 'Android_Multi'
[2020.12.05-22.34.08:597][  0]LogTargetPlatformManager: Display: Loaded TargetPlatform 'Android_MultiClient'
[2020.12.05-22.34.08:623][  0]LogTargetPlatformManager: Display: Loaded TargetPlatform 'IOSClient'
[2020.12.05-22.34.08:623][  0]LogTargetPlatformManager: Display: Loaded TargetPlatform 'IOS'
[2020.12.05-22.34.08:637][  0]LogTargetPlatformManager: Display: Loaded TargetPlatform 'Linux'
[2020.12.05-22.34.08:648][  0]LogTargetPlatformManager: Display: Loaded TargetPlatform 'LinuxNoEditor'
[2020.12.05-22.34.08:658][  0]LogTargetPlatformManager: Display: Loaded TargetPlatform 'LinuxClient'
[2020.12.05-22.34.08:668][  0]LogTargetPlatformManager: Display: Loaded TargetPlatform 'LinuxServer'
[2020.12.05-22.34.08:678][  0]LogTargetPlatformManager: Display: Loaded TargetPlatform 'LinuxAArch64NoEditor'
[2020.12.05-22.34.08:689][  0]LogTargetPlatformManager: Display: Loaded TargetPlatform 'LinuxAArch64Client'
[2020.12.05-22.34.08:699][  0]LogTargetPlatformManager: Display: Loaded TargetPlatform 'LinuxAArch64Server'
[2020.12.05-22.34.08:728][  0]LogTargetPlatformManager: Display: Loaded TargetPlatform 'Lumin'
[2020.12.05-22.34.08:728][  0]LogTargetPlatformManager: Display: Loaded TargetPlatform 'LuminClient'
[2020.12.05-22.34.08:745][  0]LogTargetPlatformManager: Display: Loaded TargetPlatform 'TVOSClient'
[2020.12.05-22.34.08:745][  0]LogTargetPlatformManager: Display: Loaded TargetPlatform 'TVOS'
[2020.12.05-22.34.08:754][  0]LogTargetPlatformManager: Display: Loaded TargetPlatform 'WindowsNoEditor'
[2020.12.05-22.34.08:764][  0]LogTargetPlatformManager: Display: Loaded TargetPlatform 'Windows'
[2020.12.05-22.34.08:774][  0]LogTargetPlatformManager: Display: Loaded TargetPlatform 'WindowsClient'
[2020.12.05-22.34.08:784][  0]LogTargetPlatformManager: Display: Loaded TargetPlatform 'WindowsServer'
[2020.12.05-22.34.08:784][  0]LogTargetPlatformManager: Display: Building Assets For Windows
[2020.12.05-22.34.08:792][  0]LogAudioDebug: Display: Lib vorbis DLL was dynamically loaded.
[2020.12.05-22.34.08:856][  0]LogShaderCompilers: Guid format shader working directory is -106 characters bigger than the processId version (../../../../../../Users/TEMP.DESKTOP-DV3H2OO/Documents/Escuela/Facultad/7 semestre/escenarios de videojuegos/1er avance/PIA/Escenario 6/LMAD_EV/Level design/Whiteroom/Intermediate/Shaders/WorkingDirectory/19236/).
[2020.12.05-22.34.08:856][  0]LogShaderCompilers: Cleaned the shader compiler working directory 'C:/Users/TEMP.DESKTOP-DV3H2OO/AppData/Local/Temp/UnrealShaderWorkingDir/0B2B7E904F32AE1581D3C8A3C36136B3/'.
[2020.12.05-22.34.08:856][  0]LogXGEController: Cleaning working directory: C:/Users/TEMP.DESKTOP-DV3H2OO/AppData/Local/Temp/UnrealXGEWorkingDir/
[2020.12.05-22.34.08:857][  0]LogXGEController: Cannot use XGE Controller as Incredibuild is not installed on this machine.
[2020.12.05-22.34.08:857][  0]LogShaderCompilers: Cannot use XGE Shader Compiler as Incredibuild is not installed on this machine.
[2020.12.05-22.34.08:857][  0]LogShaderCompilers: Display: Using Local Shader Compiler.
[2020.12.05-22.34.09:649][  0]LogDerivedDataCache: Display: Max Cache Size: 512 MB
[2020.12.05-22.34.09:704][  0]LogDerivedDataCache: Loaded boot cache 0.05s 75MB C:/Users/TEMP.DESKTOP-DV3H2OO/AppData/Local/UnrealEngine/4.25/DerivedDataCache/Boot.ddc.
[2020.12.05-22.34.09:704][  0]LogDerivedDataCache: Display: Loaded Boot cache: C:/Users/TEMP.DESKTOP-DV3H2OO/AppData/Local/UnrealEngine/4.25/DerivedDataCache/Boot.ddc
[2020.12.05-22.34.09:704][  0]LogDerivedDataCache: FDerivedDataBackendGraph:  Pak pak cache file ../../../../../../Users/TEMP.DESKTOP-DV3H2OO/Documents/Escuela/Facultad/7 semestre/escenarios de videojuegos/1er avance/PIA/Escenario 6/LMAD_EV/Level design/Whiteroom/DerivedDataCache/DDC.ddp not found, will not use a pak cache.
[2020.12.05-22.34.09:704][  0]LogDerivedDataCache: Unable to find inner node Pak for hierarchical cache Hierarchy.
[2020.12.05-22.34.09:704][  0]LogDerivedDataCache: FDerivedDataBackendGraph:  CompressedPak pak cache file ../../../../../../Users/TEMP.DESKTOP-DV3H2OO/Documents/Escuela/Facultad/7 semestre/escenarios de videojuegos/1er avance/PIA/Escenario 6/LMAD_EV/Level design/Whiteroom/DerivedDataCache/Compressed.ddp not found, will not use a pak cache.
[2020.12.05-22.34.09:704][  0]LogDerivedDataCache: Unable to find inner node CompressedPak for hierarchical cache Hierarchy.
[2020.12.05-22.34.09:715][  0]LogDerivedDataCache: Display: Pak cache opened for reading ../../../Engine/DerivedDataCache/Compressed.ddp.
[2020.12.05-22.34.09:715][  0]LogDerivedDataCache: FDerivedDataBackendGraph:  EnterprisePak pak cache file ../../../Enterprise/DerivedDataCache/Compressed.ddp not found, will not use a pak cache.
[2020.12.05-22.34.09:715][  0]LogDerivedDataCache: Unable to find inner node EnterprisePak for hierarchical cache Hierarchy.
[2020.12.05-22.34.09:717][  0]LogDerivedDataCache: Using Local data cache path C:/Users/TEMP.DESKTOP-DV3H2OO/AppData/Local/UnrealEngine/Common/DerivedDataCache: Writable
[2020.12.05-22.34.09:717][  0]LogDerivedDataCache: Shared data cache path not found in *engine.ini, will not use an Shared cache.
[2020.12.05-22.34.09:717][  0]LogDerivedDataCache: Unable to find inner node Shared for hierarchical cache Hierarchy.
[2020.12.05-22.34.09:774][  0]LogSlate: Using FreeType 2.10.0
[2020.12.05-22.34.09:775][  0]LogSlate: SlateFontServices - WITH_FREETYPE: 1, WITH_HARFBUZZ: 1
[2020.12.05-22.34.09:808][  0]LogAssetRegistry: FAssetRegistry took 0.0027 seconds to start up
[2020.12.05-22.34.10:044][  0]LogInit: Selected Device Profile: [Windows]
[2020.12.05-22.34.10:160][  0]LogMeshReduction: Using QuadricMeshReduction for automatic static mesh reduction
[2020.12.05-22.34.10:160][  0]LogMeshReduction: Using SimplygonMeshReduction for automatic skeletal mesh reduction
[2020.12.05-22.34.10:160][  0]LogMeshReduction: Using ProxyLODMeshReduction for automatic mesh merging
[2020.12.05-22.34.10:160][  0]LogMeshReduction: No distributed automatic mesh merging module available
[2020.12.05-22.34.10:160][  0]LogMeshMerging: No distributed automatic mesh merging module available
[2020.12.05-22.34.10:175][  0]LogNetVersion: Whiteroom 1.0.0, NetCL: 13144385, EngineNetVer: 14, GameNetVer: 0 (Checksum: 3709002521)
[2020.12.05-22.34.11:774][  0]LogAISub: UAISubsystem::UAISubsystem AISubsystem (0000013A9EB7D800), frame # 0
[2020.12.05-22.34.11:774][  0]LogAISub: UAISubsystem::UAISubsystem AIPerceptionSystem (0000013A9EABDE40), frame # 0
[2020.12.05-22.34.11:775][  0]LogAISub: UAISubsystem::UAISubsystem EnvQueryManager (0000013A9EAABC00), frame # 0
[2020.12.05-22.34.11:876][  0]LogPackageLocalizationCache: Processed 19 localized package path(s) for 1 prioritized culture(s) in 0.093845 seconds
[2020.12.05-22.34.11:881][  0]LogUObjectArray: 15917 objects as part of root set at end of initial load.
[2020.12.05-22.34.11:881][  0]LogUObjectAllocator: 3965568 out of 0 bytes used by permanent object pool.
[2020.12.05-22.34.11:881][  0]LogUObjectArray: CloseDisregardForGC: 0/0 objects in disregard for GC pool
[2020.12.05-22.34.12:296][  0]LogTcpMessaging: Initializing TcpMessaging bridge
[2020.12.05-22.34.12:301][  0]LogUdpMessaging: Initializing bridge on interface 0.0.0.0:0 to multicast group 230.0.0.1:6666.
[2020.12.05-22.34.12:404][  0]SourceControl: Source control is disabled
[2020.12.05-22.34.12:405][  0]SourceControl: Source control is disabled
[2020.12.05-22.34.12:408][  0]SourceControl: Source control is disabled
[2020.12.05-22.34.12:412][  0]SourceControl: Source control is disabled
[2020.12.05-22.34.12:420][  0]SourceControl: Source control is disabled
[2020.12.05-22.34.12:692][  0]LogAndroidPermission: UAndroidPermissionCallbackProxy::GetInstance
[2020.12.05-22.34.12:713][  0]LogAudioCaptureCore: Display: No Audio Capture implementations found. Audio input will be silent.
[2020.12.05-22.34.12:713][  0]LogAudioCaptureCore: Display: No Audio Capture implementations found. Audio input will be silent.
[2020.12.05-22.34.12:770][  0]LogOcInput: OculusInput pre-init called
[2020.12.05-22.34.12:783][  0]LogWindows: Failed to load 'OVRPlugin.dll' (GetLastError=126)
[2020.12.05-22.34.12:784][  0]LogWindows: File 'OVRPlugin.dll' does not exist
[2020.12.05-22.34.12:848][  0]LogEngine: Initializing Engine...
[2020.12.05-22.34.12:849][  0]LogHMD: Failed to initialize OpenVR with code 110
[2020.12.05-22.34.12:849][  0]LogMagicLeap: Warning: VR disabled because ZI is not enabled.  To enable, in the editor, Edit -> Project Settings -> Plugins -> Magic Leap Plugin -> Enable Zero Iteration
[2020.12.05-22.34.12:850][  0]LogStats: UGameplayTagsManager::InitializeManager -  0.000 s
[2020.12.05-22.34.12:974][  0]LogInit: Initializing FReadOnlyCVARCache
[2020.12.05-22.34.12:985][  0]LogAIModule: Creating AISystem for world Untitled
[2020.12.05-22.34.12:985][  0]LogAISub: UAISubsystem::UAISubsystem EnvQueryManager (0000013AA7CE0C00), frame # 0
[2020.12.05-22.34.12:985][  0]LogAISub: UAISubsystem::UAISubsystem AIPerceptionSystem (0000013AA7D09080), frame # 0
[2020.12.05-22.34.13:016][  0]LogAudioMixer: Display: Audio Mixer Platform Settings:
[2020.12.05-22.34.13:016][  0]LogAudioMixer: Display: 	Sample Rate:						  48000
[2020.12.05-22.34.13:016][  0]LogAudioMixer: Display: 	Callback Buffer Frame Size Requested: 1024
[2020.12.05-22.34.13:016][  0]LogAudioMixer: Display: 	Callback Buffer Frame Size To Use:	  1024
[2020.12.05-22.34.13:016][  0]LogAudioMixer: Display: 	Number of buffers to queue:			  2
[2020.12.05-22.34.13:016][  0]LogAudioMixer: Display: 	Max Channels (voices):				  32
[2020.12.05-22.34.13:016][  0]LogAudioMixer: Display: 	Number of Async Source Workers:		  0
[2020.12.05-22.34.13:016][  0]LogAudio: Display: AudioDevice MaxSources: 32
[2020.12.05-22.34.13:016][  0]LogAudio: Display: Using built-in audio occlusion.
[2020.12.05-22.34.13:016][  0]LogAudioMixer: Display: Initializing audio mixer.
[2020.12.05-22.34.13:034][  0]LogAudioMixer: Display: 0: FrontLeft
[2020.12.05-22.34.13:034][  0]LogAudioMixer: Display: 1: FrontRight
[2020.12.05-22.34.14:708][  0]LogAudioMixer: Display: Using Audio Device Speakers (Realtek High Definition Audio)
[2020.12.05-22.34.14:710][  0]LogAudioMixer: Display: Initializing Sound Submixes...
[2020.12.05-22.34.14:712][  0]LogAudioMixer: Display: Creating Master Submix 'MasterSubmixDefault'
[2020.12.05-22.34.14:712][  0]LogAudioMixer: Display: Creating Master Submix 'MasterReverbSubmixDefault'
[2020.12.05-22.34.14:713][  0]LogAudioMixer: Display: Creating Master Submix 'MasterEQSubmixDefault'
[2020.12.05-22.34.14:714][  0]LogInit: FAudioDevice initialized.
[2020.12.05-22.34.14:714][  0]LogNetVersion: Set ProjectVersion to 1.0.0.0. Version Checksum will be recalculated on next use.
[2020.12.05-22.34.15:271][  0]LogDerivedDataCache: Saved boot cache 0.56s 75MB C:/Users/TEMP.DESKTOP-DV3H2OO/AppData/Local/UnrealEngine/4.25/DerivedDataCache/Boot.ddc.
[2020.12.05-22.34.15:272][  0]LogInit: Texture streaming: Enabled
[2020.12.05-22.34.15:324][  0]LogEngineSessionManager: EngineSessionManager initialized
[2020.12.05-22.34.15:324][  0]LogEditorSessionSummary: Verbose: Initializing EditorSessionSummaryWriter for editor session tracking
[2020.12.05-22.34.15:328][  0]LogEditorSessionSummary: EditorSessionSummaryWriter initialized
[2020.12.05-22.34.49:734][  0]LogInit: Transaction tracking system initialized
[2020.12.05-22.34.49:757][  0]BlueprintLog: New page: Editor Load
[2020.12.05-22.34.49:831][  0]LocalizationService: Localization service is disabled
[2020.12.05-22.34.50:010][  0]LogCook: Display: Max memory allowance for cook 16384mb min free memory 0mb
[2020.12.05-22.34.50:010][  0]LogCook: Display: Mobile HDR setting 1
[2020.12.05-22.34.50:147][  0]LogFileCache: Scanning file cache for directory 'C:/Users/TEMP.DESKTOP-DV3H2OO/Documents/Escuela/Facultad/7 semestre/escenarios de videojuegos/1er avance/PIA/Escenario 6/LMAD_EV/Level design/Whiteroom/Content/' took 0.01s
[2020.12.05-22.34.50:408][  0]SourceControl: Source control is disabled
[2020.12.05-22.34.50:408][  0]LogUnrealEdMisc: Loading editor; pre map load, took 79.509
[2020.12.05-22.34.50:410][  0]LightingResults: New page: Lighting Build
[2020.12.05-22.34.50:411][  0]LogWorld: UWorld::CleanupWorld for Untitled, bSessionEnded=true, bCleanupResources=true
[2020.12.05-22.34.50:411][  0]LogSlate: InvalidateAllWidgets triggered.  All widgets were invalidated
[2020.12.05-22.34.50:411][  0]MapCheck: New page: Map Check
[2020.12.05-22.34.50:411][  0]LightingResults: New page: Lighting Build
[2020.12.05-22.34.50:420][  0]LogAISub: UAISubsystem::~UAISubsystem EnvQueryManager (0000013AA7CE0C00), frame # 0
[2020.12.05-22.34.50:420][  0]LogAISub: UAISubsystem::~UAISubsystem AIPerceptionSystem (0000013AA7D09080), frame # 0
[2020.12.05-22.34.50:421][  0]LogUObjectHash: Compacting FUObjectHashTables data took   0.72ms
[2020.12.05-22.34.52:090][  0]LogAIModule: Creating AISystem for world NivelConTerreno
[2020.12.05-22.34.52:091][  0]LogAISub: UAISubsystem::UAISubsystem EnvQueryManager (0000013AAFB9BE00), frame # 0
[2020.12.05-22.34.52:091][  0]LogAISub: UAISubsystem::UAISubsystem AIPerceptionSystem (0000013AC4C2A5C0), frame # 0
[2020.12.05-22.34.52:372][  0]LogEditorServer: Finished looking for orphan Actors (0.000 secs)
[2020.12.05-22.34.52:562][  0]LogUObjectHash: Compacting FUObjectHashTables data took   1.20ms
[2020.12.05-22.34.52:564][  0]Cmd: MAP CHECKDEP NOCLEARLOG
[2020.12.05-22.34.52:565][  0]MapCheck: Map check complete: 0 Error(s), 0 Warning(s), took 0.258ms to complete.
[2020.12.05-22.34.52:565][  0]LogFileHelpers: Loading map 'NivelConTerreno' took 2.157
[2020.12.05-22.34.52:567][  0]LogUnrealEdMisc: Total Editor Startup Time, took 81.668
[2020.12.05-22.34.55:381][  0]LogSlate: Updating window title bar state: overlay mode, drag disabled, window buttons hidden, title bar hidden
[2020.12.05-22.34.55:391][  0]LogSlate: Updating window title bar state: overlay mode, drag disabled, window buttons hidden, title bar hidden
[2020.12.05-22.34.55:400][  0]LogSlate: Updating window title bar state: overlay mode, drag disabled, window buttons hidden, title bar hidden
[2020.12.05-22.34.55:408][  0]LogSlate: Updating window title bar state: overlay mode, drag disabled, window buttons hidden, title bar hidden
[2020.12.05-22.34.55:416][  0]LogCollectionManager: Loaded 0 collections in 0.002450 seconds
[2020.12.05-22.34.55:433][  0]LogFileCache: Scanning file cache for directory 'C:/Users/TEMP.DESKTOP-DV3H2OO/Documents/Escuela/Facultad/7 semestre/escenarios de videojuegos/1er avance/PIA/Escenario 6/LMAD_EV/Level design/Whiteroom/Saved/Collections/' took 0.00s
[2020.12.05-22.34.55:433][  0]LogFileCache: Scanning file cache for directory 'C:/Users/TEMP.DESKTOP-DV3H2OO/Documents/Escuela/Facultad/7 semestre/escenarios de videojuegos/1er avance/PIA/Escenario 6/LMAD_EV/Level design/Whiteroom/Content/Developers/AlexBazaldua/Collections/' took 0.00s
[2020.12.05-22.34.55:433][  0]LogFileCache: Scanning file cache for directory 'C:/Users/TEMP.DESKTOP-DV3H2OO/Documents/Escuela/Facultad/7 semestre/escenarios de videojuegos/1er avance/PIA/Escenario 6/LMAD_EV/Level design/Whiteroom/Content/Collections/' took 0.00s
[2020.12.05-22.34.55:433][  0]LogContentBrowser: Native class hierarchy populated in 0.0093 seconds. Added 3436 classes and 826 folders.
[2020.12.05-22.34.55:439][  0]LogContentBrowser: Native class hierarchy updated for 'WidgetCarousel' in 0.0003 seconds. Added 0 classes and 0 folders.
[2020.12.05-22.34.55:515][  0]LogContentBrowser: Native class hierarchy updated for 'AddContentDialog' in 0.0003 seconds. Added 0 classes and 0 folders.
[2020.12.05-22.34.55:516][  0]LogContentBrowser: Native class hierarchy updated for 'SceneOutliner' in 0.0004 seconds. Added 2 classes and 0 folders.
[2020.12.05-22.34.55:558][  0]LogSlate: Took 0.000774 seconds to synchronously load lazily loaded font '../../../Engine/Content/Slate/Fonts/Roboto-Regular.ttf' (155K)
[2020.12.05-22.34.55:560][  0]LogSlate: Took 0.000318 seconds to synchronously load lazily loaded font '../../../Engine/Content/Slate/Fonts/Roboto-Bold.ttf' (160K)
[2020.12.05-22.34.57:454][  0]LogSlate: Took 1.888834 seconds to synchronously load lazily loaded font '../../../Engine/Content/Editor/Slate/Fonts/FontAwesome.ttf' (139K)
[2020.12.05-22.34.57:604][  0]LogRenderer: Reallocating scene render targets to support 716x244 Format 9 NumSamples 1 (Frame:1).
[2020.12.05-22.34.57:664][  0]LogSlate: Took 0.000147 seconds to synchronously load lazily loaded font '../../../Engine/Content/Slate/Fonts/Roboto-Light.ttf' (167K)
[2020.12.05-22.34.57:765][  0]LogContentBrowser: Native class hierarchy updated for 'HierarchicalLODOutliner' in 0.0003 seconds. Added 0 classes and 0 folders.
[2020.12.05-22.34.57:765][  0]LogLoad: (Engine Initialization) Total time: 86.87 seconds
[2020.12.05-22.34.57:765][  0]LogLoad: (Engine Initialization) Total Blueprint compile time: 0.00 seconds
[2020.12.05-22.34.57:804][  0]LogContentStreaming: Texture pool size now 400 MB
[2020.12.05-22.34.59:044][ 11]LogSlate: Took 0.000391 seconds to synchronously load lazily loaded font '../../../Engine/Content/Slate/Fonts/Roboto-Light.ttf' (167K)
[2020.12.05-22.35.05:865][ 89]LogDerivedDataCache: Warning: C:/Users/TEMP.DESKTOP-DV3H2OO/AppData/Local/UnrealEngine/Common/DerivedDataCache is very slow (0.32MB/s) when accessing C:/Users/TEMP.DESKTOP-DV3H2OO/AppData/Local/UnrealEngine/Common/DerivedDataCache/3/3/7/TEXTURE_564290F8998644E39A2118D5C683187B_AUTODXT_31D611A14EA106B7492348B689A0D__DBB0DB23735B32939712AC2AB34D8C587B293B20.udd, consider disabling it.
[2020.12.05-22.35.06:582][ 89]LogDerivedDataCache: Warning: C:/Users/TEMP.DESKTOP-DV3H2OO/AppData/Local/UnrealEngine/Common/DerivedDataCache is very slow (0.07MB/s) when accessing C:/Users/TEMP.DESKTOP-DV3H2OO/AppData/Local/UnrealEngine/Common/DerivedDataCache/3/1/2/TEXTURE_564290F8998644E39A2118D5C683187B_AUTODXT_CC126B684293B129C2082099C83BE__722EEBAB8AE212EDB75D8B44E48AEB32F54606AA.udd, consider disabling it.
[2020.12.05-22.35.06:658][ 89]LogContentStreaming: Error: SuspendRenderAssetStreaming timed out while waiting for asset:
[2020.12.05-22.35.06:658][ 89]LogContentStreaming: Error: 	Texture2D /Game/Materials/Park_bench_natural_dif.Park_bench_natural_dif (PendingKill)
[2020.12.05-22.35.32:039][714]LogRenderer: Reallocating scene render targets to support 716x256 Format 9 NumSamples 1 (Frame:1).
[2020.12.05-22.36.13:928][632]LogRenderer: Reallocating scene render targets to support 716x264 Format 9 NumSamples 1 (Frame:620).
[2020.12.05-22.36.14:102][633]LogRenderer: Reallocating scene render targets to support 716x272 Format 9 NumSamples 1 (Frame:622).
[2020.12.05-22.36.14:269][634]LogRenderer: Reallocating scene render targets to support 716x284 Format 9 NumSamples 1 (Frame:624).
[2020.12.05-22.36.14:437][635]LogRenderer: Reallocating scene render targets to support 716x296 Format 9 NumSamples 1 (Frame:626).
[2020.12.05-22.36.14:608][636]LogRenderer: Reallocating scene render targets to support 716x304 Format 9 NumSamples 1 (Frame:628).
[2020.12.05-22.36.14:767][637]LogRenderer: Reallocating scene render targets to support 716x312 Format 9 NumSamples 1 (Frame:630).
[2020.12.05-22.36.14:936][638]LogRenderer: Reallocating scene render targets to support 716x324 Format 9 NumSamples 1 (Frame:632).
[2020.12.05-22.36.15:123][639]LogRenderer: Reallocating scene render targets to support 716x348 Format 9 NumSamples 1 (Frame:634).
[2020.12.05-22.36.15:278][640]LogRenderer: Reallocating scene render targets to support 716x368 Format 9 NumSamples 1 (Frame:636).
[2020.12.05-22.36.15:465][641]LogRenderer: Reallocating scene render targets to support 716x372 Format 9 NumSamples 1 (Frame:638).
[2020.12.05-22.38.33:974][793]LogAssetRegistry: Asset discovery search completed in 264.1677 seconds
[2020.12.05-22.38.33:981][793]LogCollectionManager: Fixed up redirectors for 0 collections in 0.000001 seconds (updated 0 objects)
[2020.12.05-22.39.57:093][797]LogUObjectHash: Compacting FUObjectHashTables data took   0.98ms
[2020.12.05-22.39.59:728][870]LogRenderer: Reallocating scene render targets to support 716x384 Format 9 NumSamples 1 (Frame:2251).
[2020.12.05-22.40.00:073][871]LogRenderer: Reallocating scene render targets to support 716x432 Format 9 NumSamples 1 (Frame:2253).
[2020.12.05-22.40.02:840][937]LogRenderer: Reallocating scene render targets to support 716x468 Format 9 NumSamples 1 (Frame:2327).
[2020.12.05-22.40.55:394][429]Cmd: TRANSACTION UNDO
[2020.12.05-22.40.55:394][429]LogEditorTransaction: Undo Move Actors
[2020.12.05-22.41.10:020][649]Cmd: TRANSACTION UNDO
[2020.12.05-22.41.10:020][649]LogEditorTransaction: Undo Move Actors
[2020.12.05-22.41.39:484][874]LogEditorViewport: Clicking on Actor (LMB): B_Pinitos_C (B_Pinitos32)
[2020.12.05-22.41.45:086][932]Cmd: TRANSACTION UNDO
[2020.12.05-22.41.45:086][932]LogEditorTransaction: Undo Move Actors
[2020.12.05-22.41.47:983][949]LogEditorViewport: Clicking on Actor (LMB): NavMeshBoundsVolume (NavMeshBoundsVolume)
[2020.12.05-22.42.01:527][ 57]LogUObjectHash: Compacting FUObjectHashTables data took   1.09ms
[2020.12.05-22.42.03:615][ 57]LogSlate: Window 'Save Content' being destroyed
[2020.12.05-22.42.03:656][ 57]LogUObjectHash: Compacting FUObjectHashTables data took   0.31ms
[2020.12.05-22.42.04:113][ 57]LogSavePackage: Moving '../../../../../../Users/TEMP.DESKTOP-DV3H2OO/Documents/Escuela/Facultad/7 semestre/escenarios de videojuegos/1er avance/PIA/Escenario 6/LMAD_EV/Level design/Whiteroom/Saved/NivelConTerreno821F1F9E4F146567E0DE0BA397E2EE30.tmp' to '../../../../../../Users/TEMP.DESKTOP-DV3H2OO/Documents/Escuela/Facultad/7 semestre/escenarios de videojuegos/1er avance/PIA/Escenario 6/LMAD_EV/Level design/Whiteroom/Content/ThirdPersonBP/Maps/NivelConTerreno.umap'
[2020.12.05-22.42.04:153][ 57]LogFileHelpers: Saving map 'NivelConTerreno' took 0.509
[2020.12.05-22.42.05:887][ 57]LogSavePackage: Moving '../../../../../../Users/TEMP.DESKTOP-DV3H2OO/Documents/Escuela/Facultad/7 semestre/escenarios de videojuegos/1er avance/PIA/Escenario 6/LMAD_EV/Level design/Whiteroom/Saved/NivelConTerreno_BuiltData2269A00A4FAA9C9201629EB4ABE4EB85.tmp' to '../../../../../../Users/TEMP.DESKTOP-DV3H2OO/Documents/Escuela/Facultad/7 semestre/escenarios de videojuegos/1er avance/PIA/Escenario 6/LMAD_EV/Level design/Whiteroom/Content/ThirdPersonBP/Maps/NivelConTerreno_BuiltData.uasset'
[2020.12.05-22.42.05:937][ 57]AssetCheck: New page: Asset Save: multiple assets
[2020.12.05-22.42.05:937][ 57]LogContentValidation: Display: Validating World /Game/ThirdPersonBP/Maps/NivelConTerreno.NivelConTerreno
[2020.12.05-22.42.05:937][ 57]LogContentValidation: Display: Validating MapBuildDataRegistry /Game/ThirdPersonBP/Maps/NivelConTerreno_BuiltData.NivelConTerreno_BuiltData
[2020.12.05-22.44.12:479][374]LogUObjectHash: Compacting FUObjectHashTables data took   0.96ms
[2020.12.05-22.44.13:666][374]LogSlate: Window 'Save Content' being destroyed
[2020.12.05-22.44.13:710][374]LogUObjectHash: Compacting FUObjectHashTables data took   0.27ms
[2020.12.05-22.44.14:132][374]LogSavePackage: Moving '../../../../../../Users/TEMP.DESKTOP-DV3H2OO/Documents/Escuela/Facultad/7 semestre/escenarios de videojuegos/1er avance/PIA/Escenario 6/LMAD_EV/Level design/Whiteroom/Saved/NivelConTerreno4016EEA24BB21AE3D9766FBC841338A3.tmp' to '../../../../../../Users/TEMP.DESKTOP-DV3H2OO/Documents/Escuela/Facultad/7 semestre/escenarios de videojuegos/1er avance/PIA/Escenario 6/LMAD_EV/Level design/Whiteroom/Content/ThirdPersonBP/Maps/NivelConTerreno.umap'
[2020.12.05-22.44.14:172][374]LogFileHelpers: Saving map 'NivelConTerreno' took 0.473
[2020.12.05-22.44.14:964][374]LogSavePackage: Moving '../../../../../../Users/TEMP.DESKTOP-DV3H2OO/Documents/Escuela/Facultad/7 semestre/escenarios de videojuegos/1er avance/PIA/Escenario 6/LMAD_EV/Level design/Whiteroom/Saved/NivelConTerreno_BuiltData99F28FC04636242929B026A9B72AB4DF.tmp' to '../../../../../../Users/TEMP.DESKTOP-DV3H2OO/Documents/Escuela/Facultad/7 semestre/escenarios de videojuegos/1er avance/PIA/Escenario 6/LMAD_EV/Level design/Whiteroom/Content/ThirdPersonBP/Maps/NivelConTerreno_BuiltData.uasset'
[2020.12.05-22.44.14:997][374]AssetCheck: New page: Asset Save: multiple assets
[2020.12.05-22.44.14:997][374]LogContentValidation: Display: Validating World /Game/ThirdPersonBP/Maps/NivelConTerreno.NivelConTerreno
[2020.12.05-22.44.14:997][374]LogContentValidation: Display: Validating MapBuildDataRegistry /Game/ThirdPersonBP/Maps/NivelConTerreno_BuiltData.NivelConTerreno_BuiltData
[2020.12.05-22.46.25:228][767]LogAudioMixer: Display: Audio Buffer Underrun detected.
[2020.12.05-22.48.56:455][299]LogUObjectHash: Compacting FUObjectHashTables data took   1.17ms
[2020.12.05-22.49.00:060][322]LogUObjectHash: Compacting FUObjectHashTables data took   0.30ms
[2020.12.05-22.50.18:516][841]LogEditorViewport: Clicking on Actor (LMB): BP_Agua_C (BP_Agua)
[2020.12.05-22.50.27:603][926]LogUObjectHash: Compacting FUObjectHashTables data took   1.14ms
[2020.12.05-22.50.28:864][926]LogSlate: Window 'Save Content' being destroyed
[2020.12.05-22.50.28:907][926]LogUObjectHash: Compacting FUObjectHashTables data took   0.29ms
[2020.12.05-22.50.29:346][926]LogSavePackage: Moving '../../../../../../Users/TEMP.DESKTOP-DV3H2OO/Documents/Escuela/Facultad/7 semestre/escenarios de videojuegos/1er avance/PIA/Escenario 6/LMAD_EV/Level design/Whiteroom/Saved/NivelConTerreno05CD7E2C4B61174895509681E6E32218.tmp' to '../../../../../../Users/TEMP.DESKTOP-DV3H2OO/Documents/Escuela/Facultad/7 semestre/escenarios de videojuegos/1er avance/PIA/Escenario 6/LMAD_EV/Level design/Whiteroom/Content/ThirdPersonBP/Maps/NivelConTerreno.umap'
[2020.12.05-22.50.29:387][926]LogFileHelpers: Saving map 'NivelConTerreno' took 0.492
[2020.12.05-22.50.30:836][926]LogSavePackage: Moving '../../../../../../Users/TEMP.DESKTOP-DV3H2OO/Documents/Escuela/Facultad/7 semestre/escenarios de videojuegos/1er avance/PIA/Escenario 6/LMAD_EV/Level design/Whiteroom/Saved/NivelConTerreno_BuiltData1E99DBBD4F9A9F6653ACB28BDD817E0B.tmp' to '../../../../../../Users/TEMP.DESKTOP-DV3H2OO/Documents/Escuela/Facultad/7 semestre/escenarios de videojuegos/1er avance/PIA/Escenario 6/LMAD_EV/Level design/Whiteroom/Content/ThirdPersonBP/Maps/NivelConTerreno_BuiltData.uasset'
[2020.12.05-22.50.30:877][926]AssetCheck: New page: Asset Save: multiple assets
[2020.12.05-22.50.30:877][926]LogContentValidation: Display: Validating World /Game/ThirdPersonBP/Maps/NivelConTerreno.NivelConTerreno
[2020.12.05-22.50.30:877][926]LogContentValidation: Display: Validating MapBuildDataRegistry /Game/ThirdPersonBP/Maps/NivelConTerreno_BuiltData.NivelConTerreno_BuiltData
[2020.12.05-22.50.32:493][972]LogTemp: Repeating last play command: New Editor Window (PIE)
[2020.12.05-22.50.32:515][972]LogPlayLevel: PlayLevel: No blueprints needed recompiling
[2020.12.05-22.50.32:516][972]PIE: New page: PIE session: NivelConTerreno (Dec 5, 2020, 10:50:32 AM)
[2020.12.05-22.50.32:518][972]LogOnline: OSS: Creating online subsystem instance for: NULL
[2020.12.05-22.50.32:519][972]LogOnline: OSS: TryLoadSubsystemAndSetDefault: Loaded subsystem for module [NULL]
[2020.12.05-22.50.32:519][972]LogPlayLevel: Creating play world package: /Game/ThirdPersonBP/Maps/UEDPIE_0_NivelConTerreno
[2020.12.05-22.50.32:606][972]LogPlayLevel: PIE: StaticDuplicateObject took: (0.087391s)
[2020.12.05-22.50.32:607][972]LogAIModule: Creating AISystem for world NivelConTerreno
[2020.12.05-22.50.32:607][972]LogAISub: UAISubsystem::UAISubsystem EnvQueryManager (0000013B362A7800), frame # 7972
[2020.12.05-22.50.32:607][972]LogAISub: UAISubsystem::UAISubsystem AIPerceptionSystem (0000013AA830FD80), frame # 7972
[2020.12.05-22.50.32:608][972]LogPlayLevel: PIE: World Init took: (0.001921s)
[2020.12.05-22.50.32:608][972]LogPlayLevel: PIE: Created PIE world by copying editor world from /Game/ThirdPersonBP/Maps/NivelConTerreno.NivelConTerreno to /Game/ThirdPersonBP/Maps/UEDPIE_0_NivelConTerreno.NivelConTerreno (0.089576s)
[2020.12.05-22.50.32:619][972]LogUObjectHash: Compacting FUObjectHashTables data took   1.01ms
[2020.12.05-22.50.32:621][972]LogAudioMixer: Display: Audio Mixer Platform Settings:
[2020.12.05-22.50.32:621][972]LogAudioMixer: Display: 	Sample Rate:						  48000
[2020.12.05-22.50.32:621][972]LogAudioMixer: Display: 	Callback Buffer Frame Size Requested: 1024
[2020.12.05-22.50.32:621][972]LogAudioMixer: Display: 	Callback Buffer Frame Size To Use:	  1024
[2020.12.05-22.50.32:621][972]LogAudioMixer: Display: 	Number of buffers to queue:			  2
[2020.12.05-22.50.32:621][972]LogAudioMixer: Display: 	Max Channels (voices):				  32
[2020.12.05-22.50.32:621][972]LogAudioMixer: Display: 	Number of Async Source Workers:		  0
[2020.12.05-22.50.32:621][972]LogAudio: Display: AudioDevice MaxSources: 32
[2020.12.05-22.50.32:621][972]LogAudio: Display: Using built-in audio occlusion.
[2020.12.05-22.50.32:621][972]LogAudioMixer: Display: Initializing audio mixer.
[2020.12.05-22.50.32:624][972]LogAudioMixer: Display: 0: FrontLeft
[2020.12.05-22.50.32:624][972]LogAudioMixer: Display: 1: FrontRight
[2020.12.05-22.50.32:740][972]LogAudioMixer: Display: Using Audio Device Speakers (Realtek High Definition Audio)
[2020.12.05-22.50.32:740][972]LogAudioMixer: Display: Initializing Sound Submixes...
[2020.12.05-22.50.32:741][972]LogAudioMixer: Display: Creating Master Submix 'MasterSubmixDefault'
[2020.12.05-22.50.32:741][972]LogAudioMixer: Display: Creating Master Submix 'MasterReverbSubmixDefault'
[2020.12.05-22.50.32:741][972]LogAudioMixer: Display: Creating Master Submix 'MasterEQSubmixDefault'
[2020.12.05-22.50.32:754][972]LogInit: FAudioDevice initialized.
[2020.12.05-22.50.32:804][972]LogSlate: Updating window title bar state: overlay mode, drag disabled, window buttons hidden, title bar hidden
[2020.12.05-22.50.32:804][972]LogLoad: Game class is 'ThirdPersonGameMode_C'
[2020.12.05-22.50.32:828][972]LogWorld: Bringing World /Game/ThirdPersonBP/Maps/UEDPIE_0_NivelConTerreno.NivelConTerreno up for play (max tick rate 0) at 2020.12.05-16.50.32
[2020.12.05-22.50.32:829][972]LogWorld: Bringing up level for play took: 0.023941
[2020.12.05-22.50.32:829][972]LogOnline: OSS: Creating online subsystem instance for: :Context_5
[2020.12.05-22.50.32:831][972]LogGameMode: FindPlayerStart: PATHS NOT DEFINED or NO PLAYERSTART with positive rating
[2020.12.05-22.50.32:926][972]LogContentBrowser: Native class hierarchy updated for 'MovieSceneCapture' in 0.0004 seconds. Added 20 classes and 0 folders.
[2020.12.05-22.50.32:959][972]PIE: Server logged in
[2020.12.05-22.50.32:960][972]PIE: Play in editor total start time 0.445 seconds.
[2020.12.05-22.50.34:470][977]LogScript: Warning: Accessed None trying to read property Armado
	ThirdPersonCharacter_C /Game/ThirdPersonBP/Maps/UEDPIE_0_NivelConTerreno.NivelConTerreno:PersistentLevel.ThirdPersonCharacter_167
	Function /Game/ThirdPersonBP/Blueprints/ThirdPersonCharacter.ThirdPersonCharacter_C:ExecuteUbergraph_ThirdPersonCharacter:0660
[2020.12.05-22.50.34:470][977]PIE: Error: Blueprint Runtime Error: "Accessed None trying to read property Armado". Blueprint:  ThirdPersonCharacter Function:  Execute Ubergraph Third Person Character Graph:  EventGraph Node:  SpawnActor BP Bala
[2020.12.05-22.50.34:470][977]LogScript: Warning: Accessed None trying to read property CallFunc_K2_GetRootComponent_ReturnValue
	ThirdPersonCharacter_C /Game/ThirdPersonBP/Maps/UEDPIE_0_NivelConTerreno.NivelConTerreno:PersistentLevel.ThirdPersonCharacter_167
	Function /Game/ThirdPersonBP/Blueprints/ThirdPersonCharacter.ThirdPersonCharacter_C:ExecuteUbergraph_ThirdPersonCharacter:06C9
[2020.12.05-22.50.34:470][977]PIE: Error: Blueprint Runtime Error: "Accessed None trying to read property CallFunc_K2_GetRootComponent_ReturnValue". Blueprint:  ThirdPersonCharacter Function:  Execute Ubergraph Third Person Character Graph:  EventGraph Node:  SpawnActor BP Bala
[2020.12.05-22.50.34:470][977]LogScript: Warning: Accessed None trying to read property Armado
	ThirdPersonCharacter_C /Game/ThirdPersonBP/Maps/UEDPIE_0_NivelConTerreno.NivelConTerreno:PersistentLevel.ThirdPersonCharacter_167
	Function /Game/ThirdPersonBP/Blueprints/ThirdPersonCharacter.ThirdPersonCharacter_C:ExecuteUbergraph_ThirdPersonCharacter:083C
[2020.12.05-22.50.34:470][977]PIE: Error: Blueprint Runtime Error: "Accessed None trying to read property Armado". Blueprint:  ThirdPersonCharacter Function:  Execute Ubergraph Third Person Character Graph:  EventGraph Node:  SpawnActor BP Bala
[2020.12.05-22.50.34:470][977]LogScript: Warning: Accessed None trying to read property CallFunc_K2_GetRootComponent_ReturnValue
	ThirdPersonCharacter_C /Game/ThirdPersonBP/Maps/UEDPIE_0_NivelConTerreno.NivelConTerreno:PersistentLevel.ThirdPersonCharacter_167
	Function /Game/ThirdPersonBP/Blueprints/ThirdPersonCharacter.ThirdPersonCharacter_C:ExecuteUbergraph_ThirdPersonCharacter:08A5
[2020.12.05-22.50.34:470][977]PIE: Error: Blueprint Runtime Error: "Accessed None trying to read property CallFunc_K2_GetRootComponent_ReturnValue". Blueprint:  ThirdPersonCharacter Function:  Execute Ubergraph Third Person Character Graph:  EventGraph Node:  SpawnActor BP Bala
[2020.12.05-22.50.43:270][ 33]LogScript: Warning: Accessed None trying to read property Armado
	ThirdPersonCharacter_C /Game/ThirdPersonBP/Maps/UEDPIE_0_NivelConTerreno.NivelConTerreno:PersistentLevel.ThirdPersonCharacter_167
	Function /Game/ThirdPersonBP/Blueprints/ThirdPersonCharacter.ThirdPersonCharacter_C:ExecuteUbergraph_ThirdPersonCharacter:0660
[2020.12.05-22.50.43:270][ 33]PIE: Error: Blueprint Runtime Error: "Accessed None trying to read property Armado". Blueprint:  ThirdPersonCharacter Function:  Execute Ubergraph Third Person Character Graph:  EventGraph Node:  SpawnActor BP Bala
[2020.12.05-22.50.43:270][ 33]LogScript: Warning: Accessed None trying to read property CallFunc_K2_GetRootComponent_ReturnValue
	ThirdPersonCharacter_C /Game/ThirdPersonBP/Maps/UEDPIE_0_NivelConTerreno.NivelConTerreno:PersistentLevel.ThirdPersonCharacter_167
	Function /Game/ThirdPersonBP/Blueprints/ThirdPersonCharacter.ThirdPersonCharacter_C:ExecuteUbergraph_ThirdPersonCharacter:06C9
[2020.12.05-22.50.43:270][ 33]PIE: Error: Blueprint Runtime Error: "Accessed None trying to read property CallFunc_K2_GetRootComponent_ReturnValue". Blueprint:  ThirdPersonCharacter Function:  Execute Ubergraph Third Person Character Graph:  EventGraph Node:  SpawnActor BP Bala
[2020.12.05-22.50.43:270][ 33]LogScript: Warning: Accessed None trying to read property Armado
	ThirdPersonCharacter_C /Game/ThirdPersonBP/Maps/UEDPIE_0_NivelConTerreno.NivelConTerreno:PersistentLevel.ThirdPersonCharacter_167
	Function /Game/ThirdPersonBP/Blueprints/ThirdPersonCharacter.ThirdPersonCharacter_C:ExecuteUbergraph_ThirdPersonCharacter:083C
[2020.12.05-22.50.43:270][ 33]PIE: Error: Blueprint Runtime Error: "Accessed None trying to read property Armado". Blueprint:  ThirdPersonCharacter Function:  Execute Ubergraph Third Person Character Graph:  EventGraph Node:  SpawnActor BP Bala
[2020.12.05-22.50.43:270][ 33]LogScript: Warning: Accessed None trying to read property CallFunc_K2_GetRootComponent_ReturnValue
	ThirdPersonCharacter_C /Game/ThirdPersonBP/Maps/UEDPIE_0_NivelConTerreno.NivelConTerreno:PersistentLevel.ThirdPersonCharacter_167
	Function /Game/ThirdPersonBP/Blueprints/ThirdPersonCharacter.ThirdPersonCharacter_C:ExecuteUbergraph_ThirdPersonCharacter:08A5
[2020.12.05-22.50.43:270][ 33]PIE: Error: Blueprint Runtime Error: "Accessed None trying to read property CallFunc_K2_GetRootComponent_ReturnValue". Blueprint:  ThirdPersonCharacter Function:  Execute Ubergraph Third Person Character Graph:  EventGraph Node:  SpawnActor BP Bala
[2020.12.05-22.51.37:030][924]LogSlate: Updating window title bar state: overlay mode, drag disabled, window buttons hidden, title bar hidden
[2020.12.05-22.51.37:030][924]LogWorld: BeginTearingDown for /Game/ThirdPersonBP/Maps/UEDPIE_0_NivelConTerreno
[2020.12.05-22.51.37:030][924]LogSlate: Window 'Whiteroom Preview [NetMode: Standalone] (64-bit/Windows) ' being destroyed
[2020.12.05-22.51.37:159][924]LogWorld: UWorld::CleanupWorld for NivelConTerreno, bSessionEnded=true, bCleanupResources=true
[2020.12.05-22.51.37:168][924]LogSlate: InvalidateAllWidgets triggered.  All widgets were invalidated
[2020.12.05-22.51.37:214][924]LogPlayLevel: Display: Shutting down PIE online subsystems
[2020.12.05-22.51.37:217][924]LogSlate: InvalidateAllWidgets triggered.  All widgets were invalidated
[2020.12.05-22.51.37:277][924]LogAISub: UAISubsystem::~UAISubsystem AIPerceptionSystem (0000013AA830FD80), frame # 8924
[2020.12.05-22.51.37:277][924]LogAISub: UAISubsystem::~UAISubsystem EnvQueryManager (0000013B362A7800), frame # 8924
[2020.12.05-22.51.37:280][924]LogUObjectHash: Compacting FUObjectHashTables data took   0.99ms
[2020.12.05-22.51.37:444][924]LogSlate: Took 0.000152 seconds to synchronously load lazily loaded font '../../../Engine/Content/Slate/Fonts/DroidSansMono.ttf' (77K)
[2020.12.05-22.51.37:459][925]LogPlayLevel: Display: Destroying online subsystem :Context_5
[2020.12.05-22.51.40:543][971]LogSlate: Window 'Message Log' being destroyed
[2020.12.05-22.51.40:689][971]LogSlate: Window 'Message Log' being destroyed
[2020.12.05-22.51.42:592][989]LogEditorViewport: Clicking on Actor (LMB): Croco_C (Croco)
[2020.12.05-22.51.49:407][ 28]Cmd: TRANSACTION UNDO
[2020.12.05-22.51.49:407][ 28]LogEditorTransaction: Undo Move Actors
[2020.12.05-22.52.05:552][213]LogAssetEditorSubsystem: Opening Asset editor for Blueprint /Game/ThirdPersonBP/Blueprints/Croco.Croco
[2020.12.05-22.52.05:875][213]LogContentBrowser: Native class hierarchy updated for 'BlueprintGraph' in 0.0010 seconds. Added 125 classes and 0 folders.
[2020.12.05-22.52.07:079][213]LogSlate: Took 0.033168 seconds to synchronously load lazily loaded font '../../../Engine/Content/Slate/Fonts/Roboto-BoldCondensed.ttf' (158K)
[2020.12.05-22.52.07:232][214]LogSlate: Took 0.016543 seconds to synchronously load lazily loaded font '../../../Engine/Content/Slate/Fonts/Roboto-Italic.ttf' (157K)
[2020.12.05-22.52.21:872][499]BlueprintLog: New page: Compile Croco
[2020.12.05-22.52.22:291][499]LogUObjectHash: Compacting FUObjectHashTables data took   2.45ms
[2020.12.05-22.52.26:688][560]LogSlate: Window 'Croco' being destroyed
[2020.12.05-22.52.26:900][560]LogSlate: Window 'Croco' being destroyed
[2020.12.05-22.52.26:923][560]LogWorld: UWorld::CleanupWorld for World_4, bSessionEnded=true, bCleanupResources=true
[2020.12.05-22.52.26:923][560]LogSlate: InvalidateAllWidgets triggered.  All widgets were invalidated
[2020.12.05-22.52.28:479][574]LogEditorViewport: Clicking on Actor (LMB): BP_Agua_C (BP_Agua)
[2020.12.05-22.52.31:071][623]LogEditorViewport: Clicking on Actor (LMB): Croco_C (Croco)
[2020.12.05-22.52.33:999][689]LogTemp: Repeating last play command: New Editor Window (PIE)
[2020.12.05-22.52.34:021][689]LogPlayLevel: PlayLevel: No blueprints needed recompiling
[2020.12.05-22.52.34:021][689]PIE: New page: PIE session: NivelConTerreno (Dec 5, 2020, 10:52:34 AM)
[2020.12.05-22.52.34:021][689]LogPlayLevel: Creating play world package: /Game/ThirdPersonBP/Maps/UEDPIE_0_NivelConTerreno
[2020.12.05-22.52.34:110][689]LogPlayLevel: PIE: StaticDuplicateObject took: (0.089193s)
[2020.12.05-22.52.34:111][689]LogAIModule: Creating AISystem for world NivelConTerreno
[2020.12.05-22.52.34:111][689]LogAISub: UAISubsystem::UAISubsystem EnvQueryManager (0000013B32A44400), frame # 9689
[2020.12.05-22.52.34:111][689]LogAISub: UAISubsystem::UAISubsystem AIPerceptionSystem (0000013B659FC900), frame # 9689
[2020.12.05-22.52.34:111][689]LogPlayLevel: PIE: World Init took: (0.001294s)
[2020.12.05-22.52.34:111][689]LogPlayLevel: PIE: Created PIE world by copying editor world from /Game/ThirdPersonBP/Maps/NivelConTerreno.NivelConTerreno to /Game/ThirdPersonBP/Maps/UEDPIE_0_NivelConTerreno.NivelConTerreno (0.090686s)
[2020.12.05-22.52.34:135][689]LogUObjectHash: Compacting FUObjectHashTables data took   2.62ms
[2020.12.05-22.52.34:138][689]LogAudioMixer: Display: Audio Mixer Platform Settings:
[2020.12.05-22.52.34:138][689]LogAudioMixer: Display: 	Sample Rate:						  48000
[2020.12.05-22.52.34:138][689]LogAudioMixer: Display: 	Callback Buffer Frame Size Requested: 1024
[2020.12.05-22.52.34:138][689]LogAudioMixer: Display: 	Callback Buffer Frame Size To Use:	  1024
[2020.12.05-22.52.34:138][689]LogAudioMixer: Display: 	Number of buffers to queue:			  2
[2020.12.05-22.52.34:138][689]LogAudioMixer: Display: 	Max Channels (voices):				  32
[2020.12.05-22.52.34:138][689]LogAudioMixer: Display: 	Number of Async Source Workers:		  0
[2020.12.05-22.52.34:138][689]LogAudio: Display: AudioDevice MaxSources: 32
[2020.12.05-22.52.34:138][689]LogAudio: Display: Using built-in audio occlusion.
[2020.12.05-22.52.34:138][689]LogAudioMixer: Display: Initializing audio mixer.
[2020.12.05-22.52.34:140][689]LogAudioMixer: Display: 0: FrontLeft
[2020.12.05-22.52.34:140][689]LogAudioMixer: Display: 1: FrontRight
[2020.12.05-22.52.34:259][689]LogAudioMixer: Display: Using Audio Device Speakers (Realtek High Definition Audio)
[2020.12.05-22.52.34:259][689]LogAudioMixer: Display: Initializing Sound Submixes...
[2020.12.05-22.52.34:259][689]LogAudioMixer: Display: Creating Master Submix 'MasterSubmixDefault'
[2020.12.05-22.52.34:259][689]LogAudioMixer: Display: Creating Master Submix 'MasterReverbSubmixDefault'
[2020.12.05-22.52.34:259][689]LogAudioMixer: Display: Creating Master Submix 'MasterEQSubmixDefault'
[2020.12.05-22.52.34:274][689]LogInit: FAudioDevice initialized.
[2020.12.05-22.52.34:301][689]LogSlate: Updating window title bar state: overlay mode, drag disabled, window buttons hidden, title bar hidden
[2020.12.05-22.52.34:301][689]LogLoad: Game class is 'ThirdPersonGameMode_C'
[2020.12.05-22.52.34:323][689]LogWorld: Bringing World /Game/ThirdPersonBP/Maps/UEDPIE_0_NivelConTerreno.NivelConTerreno up for play (max tick rate 0) at 2020.12.05-16.52.34
[2020.12.05-22.52.34:324][689]LogWorld: Bringing up level for play took: 0.022841
[2020.12.05-22.52.34:325][689]LogOnline: OSS: Creating online subsystem instance for: :Context_7
[2020.12.05-22.52.34:327][689]LogGameMode: FindPlayerStart: PATHS NOT DEFINED or NO PLAYERSTART with positive rating
[2020.12.05-22.52.34:580][689]PIE: Server logged in
[2020.12.05-22.52.34:582][689]PIE: Play in editor total start time 0.562 seconds.
[2020.12.05-22.52.35:707][693]LogScript: Warning: Accessed None trying to read property Armado
	ThirdPersonCharacter_C /Game/ThirdPersonBP/Maps/UEDPIE_0_NivelConTerreno.NivelConTerreno:PersistentLevel.ThirdPersonCharacter_167
	Function /Game/ThirdPersonBP/Blueprints/ThirdPersonCharacter.ThirdPersonCharacter_C:ExecuteUbergraph_ThirdPersonCharacter:0660
[2020.12.05-22.52.35:707][693]PIE: Error: Blueprint Runtime Error: "Accessed None trying to read property Armado". Blueprint:  ThirdPersonCharacter Function:  Execute Ubergraph Third Person Character Graph:  EventGraph Node:  SpawnActor BP Bala
[2020.12.05-22.52.35:707][693]LogScript: Warning: Accessed None trying to read property CallFunc_K2_GetRootComponent_ReturnValue
	ThirdPersonCharacter_C /Game/ThirdPersonBP/Maps/UEDPIE_0_NivelConTerreno.NivelConTerreno:PersistentLevel.ThirdPersonCharacter_167
	Function /Game/ThirdPersonBP/Blueprints/ThirdPersonCharacter.ThirdPersonCharacter_C:ExecuteUbergraph_ThirdPersonCharacter:06C9
[2020.12.05-22.52.35:707][693]PIE: Error: Blueprint Runtime Error: "Accessed None trying to read property CallFunc_K2_GetRootComponent_ReturnValue". Blueprint:  ThirdPersonCharacter Function:  Execute Ubergraph Third Person Character Graph:  EventGraph Node:  SpawnActor BP Bala
[2020.12.05-22.52.35:707][693]LogScript: Warning: Accessed None trying to read property Armado
	ThirdPersonCharacter_C /Game/ThirdPersonBP/Maps/UEDPIE_0_NivelConTerreno.NivelConTerreno:PersistentLevel.ThirdPersonCharacter_167
	Function /Game/ThirdPersonBP/Blueprints/ThirdPersonCharacter.ThirdPersonCharacter_C:ExecuteUbergraph_ThirdPersonCharacter:083C
[2020.12.05-22.52.35:707][693]PIE: Error: Blueprint Runtime Error: "Accessed None trying to read property Armado". Blueprint:  ThirdPersonCharacter Function:  Execute Ubergraph Third Person Character Graph:  EventGraph Node:  SpawnActor BP Bala
[2020.12.05-22.52.35:707][693]LogScript: Warning: Accessed None trying to read property CallFunc_K2_GetRootComponent_ReturnValue
	ThirdPersonCharacter_C /Game/ThirdPersonBP/Maps/UEDPIE_0_NivelConTerreno.NivelConTerreno:PersistentLevel.ThirdPersonCharacter_167
	Function /Game/ThirdPersonBP/Blueprints/ThirdPersonCharacter.ThirdPersonCharacter_C:ExecuteUbergraph_ThirdPersonCharacter:08A5
[2020.12.05-22.52.35:707][693]PIE: Error: Blueprint Runtime Error: "Accessed None trying to read property CallFunc_K2_GetRootComponent_ReturnValue". Blueprint:  ThirdPersonCharacter Function:  Execute Ubergraph Third Person Character Graph:  EventGraph Node:  SpawnActor BP Bala
[2020.12.05-22.54.20:510][257]LogSlate: Updating window title bar state: overlay mode, drag disabled, window buttons hidden, title bar hidden
[2020.12.05-22.54.20:510][257]LogWorld: BeginTearingDown for /Game/ThirdPersonBP/Maps/UEDPIE_0_NivelConTerreno
[2020.12.05-22.54.20:511][257]LogSlate: Window 'Whiteroom Preview [NetMode: Standalone] (64-bit/Windows) ' being destroyed
[2020.12.05-22.54.20:581][257]LogWorld: UWorld::CleanupWorld for NivelConTerreno, bSessionEnded=true, bCleanupResources=true
[2020.12.05-22.54.20:586][257]LogSlate: InvalidateAllWidgets triggered.  All widgets were invalidated
[2020.12.05-22.54.20:596][257]LogPlayLevel: Display: Shutting down PIE online subsystems
[2020.12.05-22.54.20:603][257]LogSlate: InvalidateAllWidgets triggered.  All widgets were invalidated
[2020.12.05-22.54.20:661][257]LogAISub: UAISubsystem::~UAISubsystem EnvQueryManager (0000013B32A44400), frame # 11257
[2020.12.05-22.54.20:661][257]LogAISub: UAISubsystem::~UAISubsystem AIPerceptionSystem (0000013B659FC900), frame # 11257
[2020.12.05-22.54.20:665][257]LogUObjectHash: Compacting FUObjectHashTables data took   2.37ms
[2020.12.05-22.54.20:801][258]LogPlayLevel: Display: Destroying online subsystem :Context_7
[2020.12.05-22.54.22:491][312]LogSlate: Window 'Message Log' being destroyed
[2020.12.05-22.54.22:565][312]LogSlate: Window 'Message Log' being destroyed
[2020.12.05-22.54.23:810][335]LogEditorViewport: Clicking on Actor (LMB): Croco_C (Croco)
[2020.12.05-22.54.38:755][430]LogUObjectHash: Compacting FUObjectHashTables data took   3.02ms
[2020.12.05-22.54.39:334][430]LogSavePackage: Moving '../../../../../../Users/TEMP.DESKTOP-DV3H2OO/Documents/Escuela/Facultad/7 semestre/escenarios de videojuegos/1er avance/PIA/Escenario 6/LMAD_EV/Level design/Whiteroom/Saved/NivelConTerreno74D24BBA4BE8FD1C4404C598F722A7C3.tmp' to '../../../../../../Users/TEMP.DESKTOP-DV3H2OO/Documents/Escuela/Facultad/7 semestre/escenarios de videojuegos/1er avance/PIA/Escenario 6/LMAD_EV/Level design/Whiteroom/Content/ThirdPersonBP/Maps/NivelConTerreno.umap'
[2020.12.05-22.54.40:152][430]LogSavePackage: Moving '../../../../../../Users/TEMP.DESKTOP-DV3H2OO/Documents/Escuela/Facultad/7 semestre/escenarios de videojuegos/1er avance/PIA/Escenario 6/LMAD_EV/Level design/Whiteroom/Saved/NivelConTerreno_BuiltData3601EE7049914F5B247D4B891202AFF0.tmp' to '../../../../../../Users/TEMP.DESKTOP-DV3H2OO/Documents/Escuela/Facultad/7 semestre/escenarios de videojuegos/1er avance/PIA/Escenario 6/LMAD_EV/Level design/Whiteroom/Content/ThirdPersonBP/Maps/NivelConTerreno_BuiltData.uasset'
[2020.12.05-22.54.40:200][430]AssetCheck: New page: Asset Save: multiple assets
[2020.12.05-22.54.40:200][430]LogContentValidation: Display: Validating World /Game/ThirdPersonBP/Maps/NivelConTerreno.NivelConTerreno
[2020.12.05-22.54.40:200][430]LogContentValidation: Display: Validating MapBuildDataRegistry /Game/ThirdPersonBP/Maps/NivelConTerreno_BuiltData.NivelConTerreno_BuiltData
[2020.12.05-22.54.41:644][445]LogUObjectHash: Compacting FUObjectHashTables data took   2.16ms
[2020.12.05-22.54.42:842][445]LogSlate: Window 'Save Content' being destroyed
[2020.12.05-22.54.42:922][445]LogSavePackage: Moving '../../../../../../Users/TEMP.DESKTOP-DV3H2OO/Documents/Escuela/Facultad/7 semestre/escenarios de videojuegos/1er avance/PIA/Escenario 6/LMAD_EV/Level design/Whiteroom/Saved/Croco94D6169842177313243B12BAF0574DD6.tmp' to '../../../../../../Users/TEMP.DESKTOP-DV3H2OO/Documents/Escuela/Facultad/7 semestre/escenarios de videojuegos/1er avance/PIA/Escenario 6/LMAD_EV/Level design/Whiteroom/Content/ThirdPersonBP/Blueprints/Croco.uasset'
[2020.12.05-22.54.42:937][445]AssetCheck: New page: Asset Save: Croco
[2020.12.05-22.54.42:937][445]LogContentValidation: Display: Validating Blueprint /Game/ThirdPersonBP/Blueprints/Croco.Croco
